  [4;36;1mSQL (0.2ms)[0m   [0;1mSET SQL_AUTO_IS_NULL=0[0m
  [4;35;1mSQL (0.3ms)[0m   [0mSHOW TABLES[0m
  [4;36;1mSQL (131.7ms)[0m   [0;1mCREATE TABLE `schema_migrations` (`version` varchar(255) NOT NULL) ENGINE=InnoDB[0m
  [4;35;1mSQL (137.2ms)[0m   [0mCREATE UNIQUE INDEX `unique_schema_migrations` ON `schema_migrations` (`version`)[0m
  [4;36;1mSQL (0.5ms)[0m   [0;1mSHOW TABLES[0m
  [4;35;1mSQL (0.4ms)[0m   [0mSELECT version FROM schema_migrations[0m
Migrating to CreateAuditions (20100206164556)
  [4;36;1mSQL (96.0ms)[0m   [0;1mCREATE TABLE `auditions` (`id` int(11) DEFAULT NULL auto_increment PRIMARY KEY, `title` varchar(255) NOT NULL, `location` varchar(255) NOT NULL, `date` datetime NOT NULL, `reqs` text NOT NULL, `status` int(11) DEFAULT 0 NOT NULL, `notes` text, `created_at` datetime, `updated_at` datetime) ENGINE=InnoDB[0m
  [4;35;1mSQL (0.9ms)[0m   [0mINSERT INTO schema_migrations (version) VALUES ('20100206164556')[0m
  [4;36;1mSQL (0.5ms)[0m   [0;1mSHOW TABLES[0m
  [4;35;1mSQL (0.2ms)[0m   [0mSELECT version FROM schema_migrations[0m
  [4;36;1mSQL (0.4ms)[0m   [0;1mSHOW TABLES[0m
  [4;35;1mSQL (1.8ms)[0m   [0mSHOW FIELDS FROM `auditions`[0m
  [4;36;1mSQL (1.5ms)[0m   [0;1mdescribe `auditions`[0m
  [4;35;1mSQL (0.3ms)[0m   [0mSHOW KEYS FROM `auditions`[0m
  [4;36;1mSQL (0.2ms)[0m   [0;1mSET SQL_AUTO_IS_NULL=0[0m


Processing ApplicationController#index (for 127.0.0.1 at 2010-02-06 11:53:10) [GET]

ActionController::RoutingError (No route matches "/" with {:method=>:get}):
  /usr/local/lib/ruby/1.8/webrick/httpserver.rb:104:in `service'
  /usr/local/lib/ruby/1.8/webrick/httpserver.rb:65:in `run'
  /usr/local/lib/ruby/1.8/webrick/server.rb:173:in `start_thread'
  /usr/local/lib/ruby/1.8/webrick/server.rb:162:in `start'
  /usr/local/lib/ruby/1.8/webrick/server.rb:162:in `start_thread'
  /usr/local/lib/ruby/1.8/webrick/server.rb:95:in `start'
  /usr/local/lib/ruby/1.8/webrick/server.rb:92:in `each'
  /usr/local/lib/ruby/1.8/webrick/server.rb:92:in `start'
  /usr/local/lib/ruby/1.8/webrick/server.rb:23:in `start'
  /usr/local/lib/ruby/1.8/webrick/server.rb:82:in `start'

Rendering rescues/layout (not_found)
  [4;35;1mSQL (0.2ms)[0m   [0mSET SQL_AUTO_IS_NULL=0[0m


Processing AuditionController#index (for 127.0.0.1 at 2010-02-06 11:55:52) [GET]

ActionController::UnknownAction (No action responded to index. Actions: ):
  /usr/local/lib/ruby/1.8/webrick/httpserver.rb:104:in `service'
  /usr/local/lib/ruby/1.8/webrick/httpserver.rb:65:in `run'
  /usr/local/lib/ruby/1.8/webrick/server.rb:173:in `start_thread'
  /usr/local/lib/ruby/1.8/webrick/server.rb:162:in `start'
  /usr/local/lib/ruby/1.8/webrick/server.rb:162:in `start_thread'
  /usr/local/lib/ruby/1.8/webrick/server.rb:95:in `start'
  /usr/local/lib/ruby/1.8/webrick/server.rb:92:in `each'
  /usr/local/lib/ruby/1.8/webrick/server.rb:92:in `start'
  /usr/local/lib/ruby/1.8/webrick/server.rb:23:in `start'
  /usr/local/lib/ruby/1.8/webrick/server.rb:82:in `start'

Rendering rescues/layout (not_found)
  [4;36;1mSQL (0.1ms)[0m   [0;1mSET SQL_AUTO_IS_NULL=0[0m


Processing AuditionController#index (for 127.0.0.1 at 2010-02-06 11:58:11) [GET]

ActionView::MissingTemplate (Missing template audition/index.erb in view path app/views):
  /usr/local/lib/ruby/1.8/webrick/httpserver.rb:104:in `service'
  /usr/local/lib/ruby/1.8/webrick/httpserver.rb:65:in `run'
  /usr/local/lib/ruby/1.8/webrick/server.rb:173:in `start_thread'
  /usr/local/lib/ruby/1.8/webrick/server.rb:162:in `start'
  /usr/local/lib/ruby/1.8/webrick/server.rb:162:in `start_thread'
  /usr/local/lib/ruby/1.8/webrick/server.rb:95:in `start'
  /usr/local/lib/ruby/1.8/webrick/server.rb:92:in `each'
  /usr/local/lib/ruby/1.8/webrick/server.rb:92:in `start'
  /usr/local/lib/ruby/1.8/webrick/server.rb:23:in `start'
  /usr/local/lib/ruby/1.8/webrick/server.rb:82:in `start'

Rendering rescues/layout (internal_server_error)
  [4;35;1mSQL (0.2ms)[0m   [0mSET SQL_AUTO_IS_NULL=0[0m


Processing AuditionController#index (for 127.0.0.1 at 2010-02-06 11:59:00) [GET]
Rendering audition/index
Completed in 16ms (View: 11, DB: 0) | 200 OK [http://localhost/]
  [4;36;1mSQL (0.2ms)[0m   [0;1mSET SQL_AUTO_IS_NULL=0[0m


Processing AuditionController#index (for 127.0.0.1 at 2010-02-06 12:04:17) [GET]
  [4;35;1mAudition Load (0.4ms)[0m   [0mSELECT * FROM `auditions` [0m
Rendering audition/index
Completed in 19ms (View: 8, DB: 1) | 200 OK [http://localhost/]
  [4;36;1mSQL (0.1ms)[0m   [0;1mSET SQL_AUTO_IS_NULL=0[0m


Processing AuditionController#index (for 127.0.0.1 at 2010-02-06 12:18:16) [GET]
  [4;35;1mAudition Load (0.4ms)[0m   [0mSELECT * FROM `auditions` [0m
Rendering audition/index
Completed in 108ms (View: 98, DB: 1) | 200 OK [http://localhost/]
  [4;36;1mSQL (0.2ms)[0m   [0;1mSET SQL_AUTO_IS_NULL=0[0m


Processing AuditionController#new (for 127.0.0.1 at 2010-02-06 12:18:20) [GET]
Rendering audition/new
Completed in 231ms (View: 227, DB: 0) | 200 OK [http://localhost/new_audition]
  [4;35;1mSQL (0.2ms)[0m   [0mSET SQL_AUTO_IS_NULL=0[0m


Processing AuditionController#new (for 127.0.0.1 at 2010-02-06 12:20:36) [GET]
Rendering audition/new
Completed in 37ms (View: 33, DB: 0) | 200 OK [http://localhost/new_audition]
  [4;36;1mSQL (0.2ms)[0m   [0;1mSET SQL_AUTO_IS_NULL=0[0m


Processing AuditionController#new (for 127.0.0.1 at 2010-02-06 12:21:28) [GET]
Rendering audition/new
Completed in 37ms (View: 33, DB: 0) | 200 OK [http://localhost/new_audition]
  [4;35;1mSQL (0.1ms)[0m   [0mSET SQL_AUTO_IS_NULL=0[0m


Processing AuditionController#new (for 127.0.0.1 at 2010-02-06 12:21:55) [GET]
Rendering audition/new
Completed in 102ms (View: 98, DB: 0) | 200 OK [http://localhost/new_audition]
  [4;36;1mSQL (0.2ms)[0m   [0;1mSET SQL_AUTO_IS_NULL=0[0m


Processing AuditionController#new (for 127.0.0.1 at 2010-02-06 12:22:10) [GET]
Rendering audition/new
Completed in 35ms (View: 31, DB: 0) | 200 OK [http://localhost/new_audition]
  [4;35;1mSQL (0.2ms)[0m   [0mSET SQL_AUTO_IS_NULL=0[0m


Processing AuditionController#new (for 127.0.0.1 at 2010-02-06 12:22:28) [POST]
  Parameters: {"commit"=>"create", "authenticity_token"=>"NQXOSub+V593hbiOWfWRhAyot0hTnFvGyPCu00C5Fww=", "audition"=>{"date(1i)"=>"2010", "location"=>"Here", "date(2i)"=>"2", "title"=>"Fake Audition 1", "notes"=>"", "reqs"=>"", "date(3i)"=>"6", "date(4i)"=>"17", "date(5i)"=>"22"}}
Rendering audition/new
Completed in 28ms (View: 23, DB: 0) | 200 OK [http://localhost/new_audition]
  [4;36;1mSQL (0.2ms)[0m   [0;1mSET SQL_AUTO_IS_NULL=0[0m


Processing AuditionController#new (for 127.0.0.1 at 2010-02-06 12:25:01) [POST]
  Parameters: {"commit"=>"create", "authenticity_token"=>"NQXOSub+V593hbiOWfWRhAyot0hTnFvGyPCu00C5Fww=", "audition"=>{"date(1i)"=>"2010", "location"=>"Here", "date(2i)"=>"2", "title"=>"Fake Audition 1", "notes"=>"", "reqs"=>"", "date(3i)"=>"6", "date(4i)"=>"17", "date(5i)"=>"22"}}
Rendering audition/new
Completed in 28ms (View: 23, DB: 0) | 200 OK [http://localhost/new_audition]
  [4;36;1mSQL (0.2ms)[0m   [0;1mSET SQL_AUTO_IS_NULL=0[0m
  [4;35;1mAudition Columns (2.2ms)[0m   [0mSHOW FIELDS FROM `auditions`[0m
  [4;36;1mSQL (0.4ms)[0m   [0;1mBEGIN[0m
  [4;35;1mAudition Create (0.0ms)[0m   [0mMysql::Error: Column 'location' cannot be null: INSERT INTO `auditions` (`location`, `created_at`, `title`, `reqs`, `notes`, `updated_at`, `date`, `status`) VALUES(NULL, '2010-02-06 17:33:32', NULL, '', NULL, '2010-02-06 17:33:32', NULL, 0)[0m
  [4;36;1mSQL (0.1ms)[0m   [0;1mROLLBACK[0m
  [4;35;1mSQL (0.2ms)[0m   [0mSET SQL_AUTO_IS_NULL=0[0m


Processing AuditionController#new (for 127.0.0.1 at 2010-02-06 12:37:41) [POST]
  Parameters: {"commit"=>"create", "authenticity_token"=>"NQXOSub+V593hbiOWfWRhAyot0hTnFvGyPCu00C5Fww=", "audition"=>{"date(1i)"=>"2010", "location"=>"jklfdas", "date(2i)"=>"2", "title"=>"jfkdlsa", "notes"=>"", "reqs"=>"", "date(3i)"=>"6", "date(4i)"=>"17", "date(5i)"=>"25"}}
  [4;36;1mAudition Columns (2.4ms)[0m   [0;1mSHOW FIELDS FROM `auditions`[0m
  [4;35;1mSQL (0.2ms)[0m   [0mBEGIN[0m
  [4;36;1mAudition Create (0.4ms)[0m   [0;1mINSERT INTO `auditions` (`location`, `created_at`, `title`, `reqs`, `notes`, `updated_at`, `date`, `status`) VALUES('jklfdas', '2010-02-06 17:37:41', 'jfkdlsa', '', '', '2010-02-06 17:37:41', '2010-02-06 17:25:00', 0)[0m
  [4;35;1mSQL (0.7ms)[0m   [0mCOMMIT[0m
Redirected to http://localhost:3000/
Completed in 25ms (DB: 4) | 302 Found [http://localhost/new_audition]
  [4;36;1mSQL (0.2ms)[0m   [0;1mSET SQL_AUTO_IS_NULL=0[0m


Processing AuditionController#index (for 127.0.0.1 at 2010-02-06 12:37:41) [GET]
  [4;35;1mAudition Load (0.4ms)[0m   [0mSELECT * FROM `auditions` [0m
Rendering audition/index
  [4;36;1mAudition Columns (1.7ms)[0m   [0;1mSHOW FIELDS FROM `auditions`[0m
Completed in 17ms (View: 5, DB: 2) | 200 OK [http://localhost/]
  [4;35;1mSQL (0.2ms)[0m   [0mSET SQL_AUTO_IS_NULL=0[0m


Processing AuditionController#index (for 127.0.0.1 at 2010-02-06 12:39:39) [GET]
  [4;36;1mAudition Load (0.4ms)[0m   [0;1mSELECT * FROM `auditions` [0m
Rendering audition/index
  [4;35;1mAudition Columns (2.3ms)[0m   [0mSHOW FIELDS FROM `auditions`[0m
Completed in 26ms (View: 13, DB: 3) | 200 OK [http://localhost/]
  [4;36;1mSQL (0.2ms)[0m   [0;1mSET SQL_AUTO_IS_NULL=0[0m


Processing AuditionController#index (for 127.0.0.1 at 2010-02-06 12:39:58) [GET]
  [4;35;1mAudition Load (0.4ms)[0m   [0mSELECT * FROM `auditions` [0m
Rendering audition/index
  [4;36;1mAudition Columns (2.3ms)[0m   [0;1mSHOW FIELDS FROM `auditions`[0m
Completed in 26ms (View: 13, DB: 3) | 200 OK [http://localhost/]
  [4;35;1mSQL (0.2ms)[0m   [0mSET SQL_AUTO_IS_NULL=0[0m


Processing AuditionController#new (for 127.0.0.1 at 2010-02-06 12:40:01) [GET]
Rendering audition/new
Completed in 29ms (View: 24, DB: 0) | 200 OK [http://localhost/new_audition]
  [4;36;1mSQL (0.2ms)[0m   [0;1mSET SQL_AUTO_IS_NULL=0[0m


Processing AuditionController#new (for 127.0.0.1 at 2010-02-06 12:40:02) [POST]
  Parameters: {"commit"=>"create", "authenticity_token"=>"NQXOSub+V593hbiOWfWRhAyot0hTnFvGyPCu00C5Fww=", "audition"=>{"date(1i)"=>"2010", "location"=>"", "date(2i)"=>"2", "title"=>"hi there", "notes"=>"", "reqs"=>"", "date(3i)"=>"6", "date(4i)"=>"17", "date(5i)"=>"40"}}
  [4;35;1mAudition Columns (2.2ms)[0m   [0mSHOW FIELDS FROM `auditions`[0m
  [4;36;1mSQL (0.1ms)[0m   [0;1mBEGIN[0m
  [4;35;1mAudition Create (0.3ms)[0m   [0mINSERT INTO `auditions` (`location`, `created_at`, `title`, `reqs`, `notes`, `updated_at`, `date`, `status`) VALUES('', '2010-02-06 17:40:02', 'hi there', '', '', '2010-02-06 17:40:02', '2010-02-06 17:40:00', 0)[0m
  [4;36;1mSQL (1.3ms)[0m   [0;1mCOMMIT[0m
Redirected to http://localhost:3000/
Completed in 22ms (DB: 4) | 302 Found [http://localhost/new_audition]
  [4;35;1mSQL (0.1ms)[0m   [0mSET SQL_AUTO_IS_NULL=0[0m


Processing AuditionController#index (for 127.0.0.1 at 2010-02-06 12:40:03) [GET]
  [4;36;1mAudition Load (0.4ms)[0m   [0;1mSELECT * FROM `auditions` [0m
Rendering audition/index
  [4;35;1mAudition Columns (1.7ms)[0m   [0mSHOW FIELDS FROM `auditions`[0m
Completed in 18ms (View: 6, DB: 2) | 200 OK [http://localhost/]
  [4;36;1mSQL (0.1ms)[0m   [0;1mSET SQL_AUTO_IS_NULL=0[0m


Processing AuditionController#index (for 127.0.0.1 at 2010-02-06 12:40:42) [GET]
  [4;35;1mAudition Load (0.4ms)[0m   [0mSELECT * FROM `auditions` [0m
Rendering audition/index
  [4;36;1mAudition Columns (2.2ms)[0m   [0;1mSHOW FIELDS FROM `auditions`[0m
Completed in 26ms (View: 13, DB: 3) | 200 OK [http://localhost/]
  [4;35;1mSQL (0.2ms)[0m   [0mSET SQL_AUTO_IS_NULL=0[0m


Processing AuditionController#new (for 127.0.0.1 at 2010-02-06 12:41:40) [GET]
Rendering audition/new
Completed in 29ms (View: 24, DB: 0) | 200 OK [http://localhost/new_audition]
  [4;36;1mSQL (0.1ms)[0m   [0;1mSET SQL_AUTO_IS_NULL=0[0m


Processing AuditionController#new (for 127.0.0.1 at 2010-02-06 12:41:43) [POST]
  Parameters: {"commit"=>"create", "authenticity_token"=>"NQXOSub+V593hbiOWfWRhAyot0hTnFvGyPCu00C5Fww=", "audition"=>{"date(1i)"=>"2010", "location"=>"", "date(2i)"=>"2", "title"=>"fdsafdsa", "notes"=>"", "reqs"=>"", "date(3i)"=>"6", "date(4i)"=>"17", "date(5i)"=>"41"}}
  [4;35;1mAudition Columns (1.8ms)[0m   [0mSHOW FIELDS FROM `auditions`[0m
  [4;36;1mSQL (0.2ms)[0m   [0;1mBEGIN[0m
  [4;35;1mSQL (0.1ms)[0m   [0mROLLBACK[0m
Rendering audition/new
Completed in 51ms (View: 32, DB: 2) | 200 OK [http://localhost/new_audition]
  [4;36;1mSQL (0.2ms)[0m   [0;1mSET SQL_AUTO_IS_NULL=0[0m


Processing AuditionController#new (for 127.0.0.1 at 2010-02-06 12:43:33) [POST]
  Parameters: {"commit"=>"create", "authenticity_token"=>"NQXOSub+V593hbiOWfWRhAyot0hTnFvGyPCu00C5Fww=", "audition"=>{"date(1i)"=>"2010", "location"=>"Emerson", "date(2i)"=>"2", "title"=>"fdsafdsa", "notes"=>"I think this is awesome.I think this is awesome.I think this is awesome.I think this is awesome.I think this is awesome.I think this is awesome.I think this is awesome.I think this is awesome.I think this is awesome.I think this is awesome.I think this is awesome.I think this is awesome.", "reqs"=>"this song\r\nage\r\nreading\r\nthis song\r\nage\r\nreading\r\nthis song\r\nage\r\nreading\r\nthis song\r\nage\r\nreading\r\nthis song\r\nage\r\nreading\r\nthis song\r\nage\r\nreading\r\nthis song\r\nage\r\nreading\r\n", "date(3i)"=>"6", "date(4i)"=>"17", "date(5i)"=>"41"}}
  [4;35;1mAudition Columns (2.4ms)[0m   [0mSHOW FIELDS FROM `auditions`[0m
  [4;36;1mSQL (0.2ms)[0m   [0;1mBEGIN[0m
  [4;35;1mAudition Create (0.4ms)[0m   [0mINSERT INTO `auditions` (`location`, `created_at`, `title`, `reqs`, `notes`, `updated_at`, `date`, `status`) VALUES('Emerson', '2010-02-06 17:43:33', 'fdsafdsa', 'this song\r\nage\r\nreading\r\nthis song\r\nage\r\nreading\r\nthis song\r\nage\r\nreading\r\nthis song\r\nage\r\nreading\r\nthis song\r\nage\r\nreading\r\nthis song\r\nage\r\nreading\r\nthis song\r\nage\r\nreading\r\n', 'I think this is awesome.I think this is awesome.I think this is awesome.I think this is awesome.I think this is awesome.I think this is awesome.I think this is awesome.I think this is awesome.I think this is awesome.I think this is awesome.I think this is awesome.I think this is awesome.', '2010-02-06 17:43:33', '2010-02-06 17:41:00', 0)[0m
  [4;36;1mSQL (0.8ms)[0m   [0;1mCOMMIT[0m
Redirected to http://localhost:3000/
Completed in 24ms (DB: 4) | 302 Found [http://localhost/new_audition]
  [4;35;1mSQL (0.1ms)[0m   [0mSET SQL_AUTO_IS_NULL=0[0m


Processing AuditionController#index (for 127.0.0.1 at 2010-02-06 12:43:33) [GET]
  [4;36;1mAudition Load (0.5ms)[0m   [0;1mSELECT * FROM `auditions` [0m
Rendering audition/index
  [4;35;1mAudition Columns (1.7ms)[0m   [0mSHOW FIELDS FROM `auditions`[0m
Completed in 19ms (View: 6, DB: 2) | 200 OK [http://localhost/]
  [4;36;1mSQL (0.2ms)[0m   [0;1mSET SQL_AUTO_IS_NULL=0[0m


Processing AuditionController#index (for 127.0.0.1 at 2010-02-06 12:43:44) [GET]
  [4;35;1mAudition Load (0.4ms)[0m   [0mSELECT * FROM `auditions` [0m
Rendering audition/index
  [4;36;1mAudition Columns (2.2ms)[0m   [0;1mSHOW FIELDS FROM `auditions`[0m
Completed in 26ms (View: 13, DB: 3) | 200 OK [http://localhost/]
  [4;35;1mSQL (0.2ms)[0m   [0mSET SQL_AUTO_IS_NULL=0[0m


Processing AuditionController#index (for 127.0.0.1 at 2010-02-06 12:47:38) [GET]
  [4;36;1mAudition Load (0.4ms)[0m   [0;1mSELECT * FROM `auditions` [0m
Rendering audition/index
  [4;35;1mAudition Columns (2.5ms)[0m   [0mSHOW FIELDS FROM `auditions`[0m
Completed in 33ms (View: 20, DB: 3) | 200 OK [http://localhost/]
  [4;36;1mSQL (0.2ms)[0m   [0;1mSET SQL_AUTO_IS_NULL=0[0m


Processing AuditionController#view_audition (for 127.0.0.1 at 2010-02-06 12:47:44) [GET]
  Parameters: {"id"=>"1"}
  [4;35;1mAudition Columns (2.3ms)[0m   [0mSHOW FIELDS FROM `auditions`[0m
  [4;36;1mAudition Load (0.4ms)[0m   [0;1mSELECT * FROM `auditions` WHERE (`auditions`.`id` = 1) [0m
Rendering audition/view_audition
Completed in 24ms (View: 10, DB: 3) | 200 OK [http://localhost/view_audition/1]
  [4;35;1mSQL (0.2ms)[0m   [0mSET SQL_AUTO_IS_NULL=0[0m


Processing AuditionController#view_audition (for 127.0.0.1 at 2010-02-06 12:47:50) [GET]
  Parameters: {"id"=>"2"}
  [4;36;1mAudition Columns (2.2ms)[0m   [0;1mSHOW FIELDS FROM `auditions`[0m
  [4;35;1mAudition Load (0.3ms)[0m   [0mSELECT * FROM `auditions` WHERE (`auditions`.`id` = 2) [0m
Rendering audition/view_audition
Completed in 18ms (View: 4, DB: 3) | 200 OK [http://localhost/view_audition/2]
  [4;36;1mSQL (0.2ms)[0m   [0;1mSET SQL_AUTO_IS_NULL=0[0m


Processing AuditionController#view_audition (for 127.0.0.1 at 2010-02-06 12:47:55) [GET]
  Parameters: {"id"=>"1"}
  [4;35;1mAudition Columns (2.4ms)[0m   [0mSHOW FIELDS FROM `auditions`[0m
  [4;36;1mAudition Load (0.3ms)[0m   [0;1mSELECT * FROM `auditions` WHERE (`auditions`.`id` = 1) [0m
Rendering audition/view_audition
Completed in 18ms (View: 4, DB: 3) | 200 OK [http://localhost/view_audition/1]
  [4;35;1mSQL (0.2ms)[0m   [0mSET SQL_AUTO_IS_NULL=0[0m


Processing AuditionController#view_audition (for 127.0.0.1 at 2010-02-06 12:48:02) [GET]
  Parameters: {"id"=>"3"}
  [4;36;1mAudition Columns (2.3ms)[0m   [0;1mSHOW FIELDS FROM `auditions`[0m
  [4;35;1mAudition Load (0.3ms)[0m   [0mSELECT * FROM `auditions` WHERE (`auditions`.`id` = 3) [0m
Rendering audition/view_audition
Completed in 18ms (View: 4, DB: 3) | 200 OK [http://localhost/view_audition/3]
  [4;36;1mSQL (0.2ms)[0m   [0;1mSET SQL_AUTO_IS_NULL=0[0m


Processing AuditionController#index (for 127.0.0.1 at 2010-02-06 21:31:53) [GET]
  [4;35;1mAudition Load (0.5ms)[0m   [0mSELECT * FROM `auditions` [0m
Rendering audition/index
  [4;36;1mAudition Columns (1.8ms)[0m   [0;1mSHOW FIELDS FROM `auditions`[0m
Completed in 148ms (View: 135, DB: 3) | 200 OK [http://localhost/]
  [4;35;1mSQL (0.2ms)[0m   [0mSET SQL_AUTO_IS_NULL=0[0m


Processing AuditionController#view_audition (for 127.0.0.1 at 2010-02-06 21:31:56) [GET]
  Parameters: {"id"=>"3"}
  [4;36;1mAudition Columns (2.1ms)[0m   [0;1mSHOW FIELDS FROM `auditions`[0m
  [4;35;1mAudition Load (1.2ms)[0m   [0mSELECT * FROM `auditions` WHERE (`auditions`.`id` = 3) [0m
Rendering audition/view_audition
Completed in 201ms (View: 186, DB: 3) | 200 OK [http://localhost/view_audition/3]
  [4;36;1mSQL (0.2ms)[0m   [0;1mSET SQL_AUTO_IS_NULL=0[0m


Processing ApplicationController#index (for 127.0.0.1 at 2010-02-06 21:37:37) [GET]

ActionController::RoutingError (No route matches "/view_audition/3" with {:method=>:get}):
  /usr/local/lib/ruby/1.8/webrick/httpserver.rb:104:in `service'
  /usr/local/lib/ruby/1.8/webrick/httpserver.rb:65:in `run'
  /usr/local/lib/ruby/1.8/webrick/server.rb:173:in `start_thread'
  /usr/local/lib/ruby/1.8/webrick/server.rb:162:in `start'
  /usr/local/lib/ruby/1.8/webrick/server.rb:162:in `start_thread'
  /usr/local/lib/ruby/1.8/webrick/server.rb:95:in `start'
  /usr/local/lib/ruby/1.8/webrick/server.rb:92:in `each'
  /usr/local/lib/ruby/1.8/webrick/server.rb:92:in `start'
  /usr/local/lib/ruby/1.8/webrick/server.rb:23:in `start'
  /usr/local/lib/ruby/1.8/webrick/server.rb:82:in `start'

Rendering rescues/layout (not_found)
  [4;35;1mSQL (0.2ms)[0m   [0mSET SQL_AUTO_IS_NULL=0[0m


Processing AuditionController#view_audition (for 127.0.0.1 at 2010-02-06 21:38:50) [GET]
  Parameters: {"id"=>"3"}
  [4;36;1mAudition Columns (2.3ms)[0m   [0;1mSHOW FIELDS FROM `auditions`[0m
  [4;35;1mAudition Load (0.3ms)[0m   [0mSELECT * FROM `auditions` WHERE (`auditions`.`id` = 3) [0m
Rendering audition/view_audition

ActionView::TemplateError (undefined local variable or method `audition_listing_url' for #<ActionView::Base:0x10220a9d8>) on line #1 of app/views/audition/view_audition.html.erb:
1: <%= link_to("Back to listings", audition_listing_url) %>
2: 
3: The audition is <%= @audition.title %>
4: 

    app/views/audition/view_audition.html.erb:1
    /usr/local/lib/ruby/1.8/webrick/httpserver.rb:104:in `service'
    /usr/local/lib/ruby/1.8/webrick/httpserver.rb:65:in `run'
    /usr/local/lib/ruby/1.8/webrick/server.rb:173:in `start_thread'
    /usr/local/lib/ruby/1.8/webrick/server.rb:162:in `start'
    /usr/local/lib/ruby/1.8/webrick/server.rb:162:in `start_thread'
    /usr/local/lib/ruby/1.8/webrick/server.rb:95:in `start'
    /usr/local/lib/ruby/1.8/webrick/server.rb:92:in `each'
    /usr/local/lib/ruby/1.8/webrick/server.rb:92:in `start'
    /usr/local/lib/ruby/1.8/webrick/server.rb:23:in `start'
    /usr/local/lib/ruby/1.8/webrick/server.rb:82:in `start'

Rendered rescues/_trace (77.0ms)
Rendered rescues/_request_and_response (2.9ms)
Rendering rescues/layout (internal_server_error)
  [4;36;1mSQL (0.2ms)[0m   [0;1mSET SQL_AUTO_IS_NULL=0[0m


Processing AuditionController#view_audition (for 127.0.0.1 at 2010-02-06 21:40:40) [GET]
  Parameters: {"id"=>"3"}
  [4;35;1mAudition Columns (2.3ms)[0m   [0mSHOW FIELDS FROM `auditions`[0m
  [4;36;1mAudition Load (0.3ms)[0m   [0;1mSELECT * FROM `auditions` WHERE (`auditions`.`id` = 3) [0m
Rendering audition/view_audition
Completed in 27ms (View: 13, DB: 3) | 200 OK [http://localhost/view_audition/3]
  [4;35;1mSQL (0.2ms)[0m   [0mSET SQL_AUTO_IS_NULL=0[0m


Processing AuditionController#view_audition (for 127.0.0.1 at 2010-02-06 21:40:58) [GET]
  Parameters: {"id"=>"3"}
  [4;36;1mAudition Columns (2.4ms)[0m   [0;1mSHOW FIELDS FROM `auditions`[0m
  [4;35;1mAudition Load (0.3ms)[0m   [0mSELECT * FROM `auditions` WHERE (`auditions`.`id` = 3) [0m
Rendering audition/view_audition
Completed in 99ms (View: 84, DB: 3) | 200 OK [http://localhost/view_audition/3]
  [4;36;1mSQL (0.2ms)[0m   [0;1mSET SQL_AUTO_IS_NULL=0[0m


Processing AuditionController#index (for 127.0.0.1 at 2010-02-06 21:41:05) [GET]
  [4;35;1mAudition Load (0.4ms)[0m   [0mSELECT * FROM `auditions` [0m
Rendering audition/index
  [4;36;1mAudition Columns (2.1ms)[0m   [0;1mSHOW FIELDS FROM `auditions`[0m
Completed in 22ms (View: 9, DB: 3) | 200 OK [http://localhost/]
  [4;35;1mSQL (0.2ms)[0m   [0mSET SQL_AUTO_IS_NULL=0[0m


Processing AuditionController#view_audition (for 127.0.0.1 at 2010-02-06 21:41:08) [GET]
  Parameters: {"id"=>"1"}
  [4;36;1mAudition Columns (1.8ms)[0m   [0;1mSHOW FIELDS FROM `auditions`[0m
  [4;35;1mAudition Load (0.3ms)[0m   [0mSELECT * FROM `auditions` WHERE (`auditions`.`id` = 1) [0m
Rendering audition/view_audition
Completed in 19ms (View: 4, DB: 2) | 200 OK [http://localhost/view_audition/1]
  [4;36;1mSQL (0.2ms)[0m   [0;1mSET SQL_AUTO_IS_NULL=0[0m


Processing AuditionController#index (for 127.0.0.1 at 2010-02-06 21:41:11) [GET]
  [4;35;1mAudition Load (0.5ms)[0m   [0mSELECT * FROM `auditions` [0m
Rendering audition/index
  [4;36;1mAudition Columns (2.2ms)[0m   [0;1mSHOW FIELDS FROM `auditions`[0m
Completed in 22ms (View: 9, DB: 3) | 200 OK [http://localhost/]
  [4;35;1mSQL (0.2ms)[0m   [0mSET SQL_AUTO_IS_NULL=0[0m


Processing AuditionController#view_audition (for 127.0.0.1 at 2010-02-06 21:41:12) [GET]
  Parameters: {"id"=>"2"}
  [4;36;1mAudition Columns (2.3ms)[0m   [0;1mSHOW FIELDS FROM `auditions`[0m
  [4;35;1mAudition Load (0.3ms)[0m   [0mSELECT * FROM `auditions` WHERE (`auditions`.`id` = 2) [0m
Rendering audition/view_audition
Completed in 19ms (View: 4, DB: 3) | 200 OK [http://localhost/view_audition/2]
  [4;36;1mSQL (0.2ms)[0m   [0;1mSET SQL_AUTO_IS_NULL=0[0m


Processing AuditionController#index (for 127.0.0.1 at 2010-02-06 21:41:14) [GET]
  [4;35;1mAudition Load (0.4ms)[0m   [0mSELECT * FROM `auditions` [0m
Rendering audition/index
  [4;36;1mAudition Columns (2.2ms)[0m   [0;1mSHOW FIELDS FROM `auditions`[0m
Completed in 22ms (View: 9, DB: 3) | 200 OK [http://localhost/]
  [4;35;1mSQL (0.2ms)[0m   [0mSET SQL_AUTO_IS_NULL=0[0m


Processing AuditionController#index (for 127.0.0.1 at 2010-02-06 21:41:39) [GET]
  [4;36;1mAudition Load (0.4ms)[0m   [0;1mSELECT * FROM `auditions` [0m
Rendering audition/index
  [4;35;1mAudition Columns (1.7ms)[0m   [0mSHOW FIELDS FROM `auditions`[0m
Completed in 22ms (View: 9, DB: 2) | 200 OK [http://localhost/]
  [4;36;1mSQL (0.2ms)[0m   [0;1mSET SQL_AUTO_IS_NULL=0[0m


Processing AuditionController#view_audition (for 127.0.0.1 at 2010-02-06 21:41:42) [GET]
  Parameters: {"id"=>"1"}
  [4;35;1mAudition Columns (2.3ms)[0m   [0mSHOW FIELDS FROM `auditions`[0m
  [4;36;1mAudition Load (0.3ms)[0m   [0;1mSELECT * FROM `auditions` WHERE (`auditions`.`id` = 1) [0m
Rendering audition/view_audition
Completed in 27ms (View: 12, DB: 3) | 200 OK [http://localhost/view_audition/1]
  [4;35;1mSQL (0.1ms)[0m   [0mSET SQL_AUTO_IS_NULL=0[0m


Processing AuditionController#view_audition (for 127.0.0.1 at 2010-02-06 21:42:08) [GET]
  Parameters: {"id"=>"3"}
  [4;36;1mAudition Columns (2.6ms)[0m   [0;1mSHOW FIELDS FROM `auditions`[0m
  [4;35;1mAudition Load (0.3ms)[0m   [0mSELECT * FROM `auditions` WHERE (`auditions`.`id` = 3) [0m
Rendering audition/view_audition
Completed in 26ms (View: 12, DB: 3) | 200 OK [http://localhost/view_audition/3]
  [4;36;1mSQL (0.2ms)[0m   [0;1mSET SQL_AUTO_IS_NULL=0[0m


Processing AuditionController#index (for 127.0.0.1 at 2010-02-06 21:42:12) [GET]
  [4;35;1mAudition Load (0.5ms)[0m   [0mSELECT * FROM `auditions` [0m
Rendering audition/index
  [4;36;1mAudition Columns (2.4ms)[0m   [0;1mSHOW FIELDS FROM `auditions`[0m
Completed in 91ms (View: 9, DB: 3) | 200 OK [http://localhost/]
  [4;35;1mSQL (0.2ms)[0m   [0mSET SQL_AUTO_IS_NULL=0[0m


Processing AuditionController#view_audition (for 127.0.0.1 at 2010-02-06 21:44:33) [GET]
  Parameters: {"id"=>"3"}
  [4;36;1mAudition Columns (2.4ms)[0m   [0;1mSHOW FIELDS FROM `auditions`[0m
  [4;35;1mAudition Load (0.3ms)[0m   [0mSELECT * FROM `auditions` WHERE (`auditions`.`id` = 3) [0m
Rendering audition/view_audition
Completed in 26ms (View: 12, DB: 3) | 200 OK [http://localhost/view_audition/3]
  [4;36;1mSQL (0.2ms)[0m   [0;1mSET SQL_AUTO_IS_NULL=0[0m


Processing AuditionController#index (for 127.0.0.1 at 2010-02-06 21:44:36) [GET]
  [4;35;1mAudition Load (0.4ms)[0m   [0mSELECT * FROM `auditions` [0m
Rendering audition/index
  [4;36;1mAudition Columns (2.2ms)[0m   [0;1mSHOW FIELDS FROM `auditions`[0m
Completed in 22ms (View: 9, DB: 3) | 200 OK [http://localhost/audition_listing]
  [4;36;1mSQL (0.2ms)[0m   [0;1mSET SQL_AUTO_IS_NULL=0[0m
  [4;35;1mAudition Columns (2.5ms)[0m   [0mSHOW FIELDS FROM `auditions`[0m
  [4;36;1mSQL (0.3ms)[0m   [0;1mBEGIN[0m
  [4;35;1mAudition Create (0.4ms)[0m   [0mINSERT INTO `auditions` (`location`, `created_at`, `title`, `reqs`, `notes`, `updated_at`, `date`, `status`) VALUES('emerson stage', '2010-02-07 03:27:13', 'no exit', 'Monologue, prepared reading, cold reading', 'get no exit from Amazon', '2010-02-07 03:27:13', '2010-02-07 03:25:33', 0)[0m
  [4;36;1mSQL (1.3ms)[0m   [0;1mCOMMIT[0m
  [4;35;1mSQL (0.3ms)[0m   [0mBEGIN[0m
  [4;36;1mAudition Update (82.8ms)[0m   [0;1mUPDATE `auditions` SET `updated_at` = '2010-02-07 03:28:14', `status` = 1 WHERE `id` = 4[0m
  [4;35;1mSQL (1.3ms)[0m   [0mCOMMIT[0m
  [4;36;1mAudition Load (0.5ms)[0m   [0;1mSELECT * FROM `auditions` WHERE (`auditions`.`id` = 4) [0m
  [4;35;1mSQL (0.3ms)[0m   [0mBEGIN[0m
  [4;36;1mAudition Update (0.5ms)[0m   [0;1mUPDATE `auditions` SET `updated_at` = '2010-02-07 03:28:55', `status` = 0 WHERE `id` = 4[0m
  [4;35;1mSQL (1.7ms)[0m   [0mCOMMIT[0m
  [4;36;1mAudition Load (0.6ms)[0m   [0;1mSELECT * FROM `auditions` WHERE (`auditions`.`id` = 4) [0m
  [4;35;1mSQL (0.2ms)[0m   [0mSET SQL_AUTO_IS_NULL=0[0m
  [4;36;1mAudition Load (0.4ms)[0m   [0;1mSELECT * FROM `auditions` ORDER BY auditions.id DESC LIMIT 1[0m
  [4;35;1mAudition Columns (2.4ms)[0m   [0mSHOW FIELDS FROM `auditions`[0m
  [4;36;1mSQL (0.3ms)[0m   [0;1mBEGIN[0m
  [4;35;1mAudition Update (0.6ms)[0m   [0mUPDATE `auditions` SET `updated_at` = '2010-02-07 03:31:56', `status` = 1 WHERE `id` = 4[0m
  [4;36;1mSQL (1.3ms)[0m   [0;1mCOMMIT[0m
  [4;35;1mSQL (0.2ms)[0m   [0mSET SQL_AUTO_IS_NULL=0[0m


Processing AuditionController#index (for 127.0.0.1 at 2010-02-06 22:46:27) [GET]
  [4;36;1mAudition Load (0.4ms)[0m   [0;1mSELECT * FROM `auditions` [0m
Rendering audition/index
  [4;35;1mAudition Columns (2.2ms)[0m   [0mSHOW FIELDS FROM `auditions`[0m

ActionView::TemplateError (undefined local variable or method `display_status' for #<ActionView::Base:0x101e1f0a8>) on line #19 of app/views/audition/index.html.erb:
16: 	<% @auditions.each do |audition| %>
17: 		<tr>
18: 			<td><%= link_to(audition.title, view_audition_url(:id => audition.id)) %></td>
19: 			<td><%= link_to_remote(display_status, :url => flip_status_url(:id => audition.id))%></td>
20: 		</tr>
21: 	<% end %>
22: </table>

    app/views/audition/index.html.erb:19
    app/views/audition/index.html.erb:16:in `each'
    app/views/audition/index.html.erb:16
    /usr/local/lib/ruby/1.8/webrick/httpserver.rb:104:in `service'
    /usr/local/lib/ruby/1.8/webrick/httpserver.rb:65:in `run'
    /usr/local/lib/ruby/1.8/webrick/server.rb:173:in `start_thread'
    /usr/local/lib/ruby/1.8/webrick/server.rb:162:in `start'
    /usr/local/lib/ruby/1.8/webrick/server.rb:162:in `start_thread'
    /usr/local/lib/ruby/1.8/webrick/server.rb:95:in `start'
    /usr/local/lib/ruby/1.8/webrick/server.rb:92:in `each'
    /usr/local/lib/ruby/1.8/webrick/server.rb:92:in `start'
    /usr/local/lib/ruby/1.8/webrick/server.rb:23:in `start'
    /usr/local/lib/ruby/1.8/webrick/server.rb:82:in `start'

Rendered rescues/_trace (75.4ms)
Rendered rescues/_request_and_response (0.5ms)
Rendering rescues/layout (internal_server_error)
  [4;36;1mSQL (0.2ms)[0m   [0;1mSET SQL_AUTO_IS_NULL=0[0m


Processing AuditionController#index (for 127.0.0.1 at 2010-02-06 22:46:50) [GET]
  [4;35;1mAudition Load (0.4ms)[0m   [0mSELECT * FROM `auditions` [0m
Rendering audition/index
  [4;36;1mAudition Columns (2.3ms)[0m   [0;1mSHOW FIELDS FROM `auditions`[0m
Completed in 45ms (View: 32, DB: 3) | 200 OK [http://localhost/audition_listing]
  [4;35;1mSQL (0.2ms)[0m   [0mSET SQL_AUTO_IS_NULL=0[0m


Processing AuditionController#index (for 127.0.0.1 at 2010-02-06 22:56:47) [GET]
  [4;36;1mAudition Load (0.4ms)[0m   [0;1mSELECT * FROM `auditions` [0m
Rendering audition/index
  [4;35;1mAudition Columns (2.2ms)[0m   [0mSHOW FIELDS FROM `auditions`[0m
Completed in 43ms (View: 29, DB: 3) | 200 OK [http://localhost/audition_listing]
  [4;36;1mSQL (0.2ms)[0m   [0;1mSET SQL_AUTO_IS_NULL=0[0m


Processing AuditionController#index (for 127.0.0.1 at 2010-02-06 23:05:24) [GET]
  [4;35;1mAudition Load (0.4ms)[0m   [0mSELECT * FROM `auditions` [0m
Rendering audition/index
  [4;36;1mAudition Columns (2.2ms)[0m   [0;1mSHOW FIELDS FROM `auditions`[0m
Completed in 42ms (View: 29, DB: 3) | 200 OK [http://localhost/audition_listing]
  [4;35;1mSQL (0.2ms)[0m   [0mSET SQL_AUTO_IS_NULL=0[0m


Processing AuditionController#index (for 127.0.0.1 at 2010-02-06 23:05:43) [GET]
  [4;36;1mAudition Load (0.4ms)[0m   [0;1mSELECT * FROM `auditions` [0m
Rendering audition/index
  [4;35;1mAudition Columns (2.3ms)[0m   [0mSHOW FIELDS FROM `auditions`[0m
Completed in 35ms (View: 22, DB: 3) | 200 OK [http://localhost/audition_listing]
  [4;36;1mSQL (0.1ms)[0m   [0;1mSET SQL_AUTO_IS_NULL=0[0m


Processing AuditionController#index (for 127.0.0.1 at 2010-02-06 23:09:17) [GET]
  [4;35;1mAudition Load (0.5ms)[0m   [0mSELECT * FROM `auditions` [0m
Rendering audition/index
  [4;36;1mAudition Columns (2.2ms)[0m   [0;1mSHOW FIELDS FROM `auditions`[0m
Completed in 40ms (View: 25, DB: 3) | 200 OK [http://localhost/audition_listing]
  [4;35;1mSQL (0.2ms)[0m   [0mSET SQL_AUTO_IS_NULL=0[0m


Processing AuditionController#index (for 127.0.0.1 at 2010-02-06 23:10:56) [GET]
  [4;36;1mAudition Load (0.4ms)[0m   [0;1mSELECT * FROM `auditions` [0m
Rendering template within layouts/application
Rendering audition/index
  [4;35;1mAudition Columns (2.3ms)[0m   [0mSHOW FIELDS FROM `auditions`[0m
Completed in 119ms (View: 106, DB: 3) | 200 OK [http://localhost/audition_listing]
  [4;36;1mSQL (0.2ms)[0m   [0;1mSET SQL_AUTO_IS_NULL=0[0m


Processing AuditionController#index (for 127.0.0.1 at 2010-02-06 23:11:03) [GET]
  [4;35;1mAudition Load (0.5ms)[0m   [0mSELECT * FROM `auditions` [0m
Rendering template within layouts/application
Rendering audition/index
  [4;36;1mAudition Columns (2.4ms)[0m   [0;1mSHOW FIELDS FROM `auditions`[0m
Completed in 40ms (View: 25, DB: 3) | 200 OK [http://localhost/audition_listing]
  [4;35;1mSQL (0.2ms)[0m   [0mSET SQL_AUTO_IS_NULL=0[0m


Processing AuditionController#index (for 127.0.0.1 at 2010-02-06 23:11:45) [GET]
  [4;36;1mAudition Load (0.5ms)[0m   [0;1mSELECT * FROM `auditions` [0m
Rendering template within layouts/application
Rendering audition/index
  [4;35;1mAudition Columns (2.3ms)[0m   [0mSHOW FIELDS FROM `auditions`[0m
Completed in 45ms (View: 32, DB: 3) | 200 OK [http://localhost/audition_listing]
  [4;36;1mSQL (0.2ms)[0m   [0;1mSET SQL_AUTO_IS_NULL=0[0m


Processing AuditionController#flip_status (for 127.0.0.1 at 2010-02-06 23:11:48) [POST]
  Parameters: {"authenticity_token"=>"WJJzJhQL/opbaWqIOWEQBxk2DkPfg2n6ol6qeColh28=", "id"=>"1", "_"=>""}
  [4;35;1mAudition Columns (2.1ms)[0m   [0mSHOW FIELDS FROM `auditions`[0m
  [4;36;1mAudition Load (0.3ms)[0m   [0;1mSELECT * FROM `auditions` WHERE (`auditions`.`id` = 1) [0m
  [4;35;1mSQL (0.1ms)[0m   [0mBEGIN[0m
  [4;36;1mSQL (0.1ms)[0m   [0;1mROLLBACK[0m
Rendered audition/_status_cell (4.8ms)
Completed in 32ms (View: 13, DB: 3) | 200 OK [http://localhost/flip_status/1]
  [4;35;1mSQL (0.2ms)[0m   [0mSET SQL_AUTO_IS_NULL=0[0m


Processing AuditionController#flip_status (for 127.0.0.1 at 2010-02-06 23:11:54) [POST]
  Parameters: {"authenticity_token"=>"WJJzJhQL/opbaWqIOWEQBxk2DkPfg2n6ol6qeColh28=", "id"=>"1", "_"=>""}
  [4;36;1mAudition Columns (2.3ms)[0m   [0;1mSHOW FIELDS FROM `auditions`[0m
  [4;35;1mAudition Load (0.4ms)[0m   [0mSELECT * FROM `auditions` WHERE (`auditions`.`id` = 1) [0m
  [4;36;1mSQL (0.1ms)[0m   [0;1mBEGIN[0m
  [4;35;1mSQL (0.2ms)[0m   [0mROLLBACK[0m
Rendered audition/_status_cell (3.8ms)
Completed in 93ms (View: 6, DB: 3) | 200 OK [http://localhost/flip_status/1]
  [4;36;1mSQL (0.2ms)[0m   [0;1mSET SQL_AUTO_IS_NULL=0[0m


Processing AuditionController#flip_status (for 127.0.0.1 at 2010-02-06 23:11:56) [POST]
  Parameters: {"authenticity_token"=>"WJJzJhQL/opbaWqIOWEQBxk2DkPfg2n6ol6qeColh28=", "id"=>"1", "_"=>""}
  [4;35;1mAudition Columns (2.3ms)[0m   [0mSHOW FIELDS FROM `auditions`[0m
  [4;36;1mAudition Load (0.3ms)[0m   [0;1mSELECT * FROM `auditions` WHERE (`auditions`.`id` = 1) [0m
  [4;35;1mSQL (0.1ms)[0m   [0mBEGIN[0m
  [4;36;1mSQL (0.1ms)[0m   [0;1mROLLBACK[0m
Rendered audition/_status_cell (4.1ms)
Completed in 25ms (View: 6, DB: 3) | 200 OK [http://localhost/flip_status/1]
  [4;35;1mAudition Load (0.5ms)[0m   [0mSELECT * FROM `auditions` LIMIT 1[0m
  [4;36;1mSQL (0.3ms)[0m   [0;1mBEGIN[0m
  [4;35;1mSQL (0.2ms)[0m   [0mROLLBACK[0m
  [4;36;1mSQL (0.3ms)[0m   [0;1mBEGIN[0m
  [4;35;1mAudition Update (80.2ms)[0m   [0mUPDATE `auditions` SET `updated_at` = '2010-02-07 04:13:23', `reqs` = 'Reqs', `status` = 1 WHERE `id` = 1[0m
  [4;36;1mSQL (1.5ms)[0m   [0;1mCOMMIT[0m
  [4;35;1mSQL (0.3ms)[0m   [0mBEGIN[0m
  [4;36;1mAudition Update (0.5ms)[0m   [0;1mUPDATE `auditions` SET `updated_at` = '2010-02-07 04:13:25', `status` = 0 WHERE `id` = 1[0m
  [4;35;1mSQL (1.6ms)[0m   [0mCOMMIT[0m
  [4;35;1mSQL (0.2ms)[0m   [0mSET SQL_AUTO_IS_NULL=0[0m


Processing AuditionController#flip_status (for 127.0.0.1 at 2010-02-06 23:13:43) [POST]
  Parameters: {"authenticity_token"=>"WJJzJhQL/opbaWqIOWEQBxk2DkPfg2n6ol6qeColh28=", "id"=>"4", "_"=>""}
  [4;36;1mAudition Columns (2.6ms)[0m   [0;1mSHOW FIELDS FROM `auditions`[0m
  [4;35;1mAudition Load (0.4ms)[0m   [0mSELECT * FROM `auditions` WHERE (`auditions`.`id` = 4) [0m
  [4;36;1mSQL (0.1ms)[0m   [0;1mBEGIN[0m
  [4;35;1mAudition Update (0.3ms)[0m   [0mUPDATE `auditions` SET `updated_at` = '2010-02-07 04:13:43', `status` = 0 WHERE `id` = 4[0m
  [4;36;1mSQL (1.2ms)[0m   [0;1mCOMMIT[0m
Rendered audition/_status_cell (3.7ms)
Completed in 28ms (View: 6, DB: 5) | 200 OK [http://localhost/flip_status/4]
  [4;35;1mSQL (0.2ms)[0m   [0mSET SQL_AUTO_IS_NULL=0[0m


Processing AuditionController#flip_status (for 127.0.0.1 at 2010-02-06 23:13:44) [POST]
  Parameters: {"authenticity_token"=>"WJJzJhQL/opbaWqIOWEQBxk2DkPfg2n6ol6qeColh28=", "id"=>"4", "_"=>""}
  [4;36;1mAudition Columns (1.8ms)[0m   [0;1mSHOW FIELDS FROM `auditions`[0m
  [4;35;1mAudition Load (0.3ms)[0m   [0mSELECT * FROM `auditions` WHERE (`auditions`.`id` = 4) [0m
  [4;36;1mSQL (0.1ms)[0m   [0;1mBEGIN[0m
  [4;35;1mAudition Update (0.3ms)[0m   [0mUPDATE `auditions` SET `updated_at` = '2010-02-07 04:13:44', `status` = 1 WHERE `id` = 4[0m
  [4;36;1mSQL (1.0ms)[0m   [0;1mCOMMIT[0m
Rendered audition/_status_cell (3.7ms)
Completed in 27ms (View: 6, DB: 4) | 200 OK [http://localhost/flip_status/4]
  [4;35;1mSQL (0.2ms)[0m   [0mSET SQL_AUTO_IS_NULL=0[0m


Processing AuditionController#flip_status (for 127.0.0.1 at 2010-02-06 23:13:44) [POST]
  Parameters: {"authenticity_token"=>"WJJzJhQL/opbaWqIOWEQBxk2DkPfg2n6ol6qeColh28=", "id"=>"4", "_"=>""}
  [4;36;1mAudition Columns (2.3ms)[0m   [0;1mSHOW FIELDS FROM `auditions`[0m
  [4;35;1mAudition Load (0.3ms)[0m   [0mSELECT * FROM `auditions` WHERE (`auditions`.`id` = 4) [0m
  [4;36;1mSQL (0.1ms)[0m   [0;1mBEGIN[0m
  [4;35;1mAudition Update (0.3ms)[0m   [0mUPDATE `auditions` SET `updated_at` = '2010-02-07 04:13:44', `status` = 0 WHERE `id` = 4[0m
  [4;36;1mSQL (0.8ms)[0m   [0;1mCOMMIT[0m
Rendered audition/_status_cell (3.7ms)
Completed in 28ms (View: 6, DB: 4) | 200 OK [http://localhost/flip_status/4]
  [4;35;1mSQL (0.2ms)[0m   [0mSET SQL_AUTO_IS_NULL=0[0m


Processing AuditionController#flip_status (for 127.0.0.1 at 2010-02-06 23:13:45) [POST]
  Parameters: {"authenticity_token"=>"WJJzJhQL/opbaWqIOWEQBxk2DkPfg2n6ol6qeColh28=", "id"=>"4", "_"=>""}
  [4;36;1mAudition Columns (2.4ms)[0m   [0;1mSHOW FIELDS FROM `auditions`[0m
  [4;35;1mAudition Load (0.3ms)[0m   [0mSELECT * FROM `auditions` WHERE (`auditions`.`id` = 4) [0m
  [4;36;1mSQL (0.1ms)[0m   [0;1mBEGIN[0m
  [4;35;1mAudition Update (0.3ms)[0m   [0mUPDATE `auditions` SET `updated_at` = '2010-02-07 04:13:45', `status` = 1 WHERE `id` = 4[0m
  [4;36;1mSQL (0.9ms)[0m   [0;1mCOMMIT[0m
Rendered audition/_status_cell (3.8ms)
Completed in 28ms (View: 6, DB: 4) | 200 OK [http://localhost/flip_status/4]
  [4;35;1mSQL (0.2ms)[0m   [0mSET SQL_AUTO_IS_NULL=0[0m


Processing AuditionController#flip_status (for 127.0.0.1 at 2010-02-06 23:13:45) [POST]
  Parameters: {"authenticity_token"=>"WJJzJhQL/opbaWqIOWEQBxk2DkPfg2n6ol6qeColh28=", "id"=>"4", "_"=>""}
  [4;36;1mAudition Columns (2.2ms)[0m   [0;1mSHOW FIELDS FROM `auditions`[0m
  [4;35;1mAudition Load (0.3ms)[0m   [0mSELECT * FROM `auditions` WHERE (`auditions`.`id` = 4) [0m
  [4;36;1mSQL (0.1ms)[0m   [0;1mBEGIN[0m
  [4;35;1mAudition Update (0.3ms)[0m   [0mUPDATE `auditions` SET `updated_at` = '2010-02-07 04:13:45', `status` = 0 WHERE `id` = 4[0m
  [4;36;1mSQL (23.2ms)[0m   [0;1mCOMMIT[0m
Rendered audition/_status_cell (3.7ms)
Completed in 50ms (View: 6, DB: 26) | 200 OK [http://localhost/flip_status/4]
  [4;35;1mSQL (0.2ms)[0m   [0mSET SQL_AUTO_IS_NULL=0[0m


Processing AuditionController#flip_status (for 127.0.0.1 at 2010-02-06 23:13:45) [POST]
  Parameters: {"authenticity_token"=>"WJJzJhQL/opbaWqIOWEQBxk2DkPfg2n6ol6qeColh28=", "id"=>"4", "_"=>""}
  [4;36;1mAudition Columns (2.2ms)[0m   [0;1mSHOW FIELDS FROM `auditions`[0m
  [4;35;1mAudition Load (0.3ms)[0m   [0mSELECT * FROM `auditions` WHERE (`auditions`.`id` = 4) [0m
  [4;36;1mSQL (0.1ms)[0m   [0;1mBEGIN[0m
  [4;35;1mAudition Update (0.3ms)[0m   [0mUPDATE `auditions` SET `updated_at` = '2010-02-07 04:13:45', `status` = 1 WHERE `id` = 4[0m
  [4;36;1mSQL (0.9ms)[0m   [0;1mCOMMIT[0m
Rendered audition/_status_cell (3.7ms)
Completed in 28ms (View: 6, DB: 4) | 200 OK [http://localhost/flip_status/4]
  [4;35;1mSQL (0.2ms)[0m   [0mSET SQL_AUTO_IS_NULL=0[0m


Processing AuditionController#flip_status (for 127.0.0.1 at 2010-02-06 23:13:46) [POST]
  Parameters: {"authenticity_token"=>"WJJzJhQL/opbaWqIOWEQBxk2DkPfg2n6ol6qeColh28=", "id"=>"3", "_"=>""}
  [4;36;1mAudition Columns (1.9ms)[0m   [0;1mSHOW FIELDS FROM `auditions`[0m
  [4;35;1mAudition Load (0.3ms)[0m   [0mSELECT * FROM `auditions` WHERE (`auditions`.`id` = 3) [0m
  [4;36;1mSQL (0.1ms)[0m   [0;1mBEGIN[0m
  [4;35;1mAudition Update (0.4ms)[0m   [0mUPDATE `auditions` SET `updated_at` = '2010-02-07 04:13:46', `status` = 1 WHERE `id` = 3[0m
  [4;36;1mSQL (0.9ms)[0m   [0;1mCOMMIT[0m
Rendered audition/_status_cell (3.8ms)
Completed in 28ms (View: 6, DB: 4) | 200 OK [http://localhost/flip_status/3]
  [4;35;1mSQL (0.2ms)[0m   [0mSET SQL_AUTO_IS_NULL=0[0m


Processing AuditionController#flip_status (for 127.0.0.1 at 2010-02-06 23:13:47) [POST]
  Parameters: {"authenticity_token"=>"WJJzJhQL/opbaWqIOWEQBxk2DkPfg2n6ol6qeColh28=", "id"=>"3", "_"=>""}
  [4;36;1mAudition Columns (2.2ms)[0m   [0;1mSHOW FIELDS FROM `auditions`[0m
  [4;35;1mAudition Load (0.3ms)[0m   [0mSELECT * FROM `auditions` WHERE (`auditions`.`id` = 3) [0m
  [4;36;1mSQL (0.1ms)[0m   [0;1mBEGIN[0m
  [4;35;1mAudition Update (0.3ms)[0m   [0mUPDATE `auditions` SET `updated_at` = '2010-02-07 04:13:47', `status` = 0 WHERE `id` = 3[0m
  [4;36;1mSQL (0.9ms)[0m   [0;1mCOMMIT[0m
Rendered audition/_status_cell (3.7ms)
Completed in 27ms (View: 6, DB: 4) | 200 OK [http://localhost/flip_status/3]
  [4;35;1mSQL (0.2ms)[0m   [0mSET SQL_AUTO_IS_NULL=0[0m


Processing AuditionController#flip_status (for 127.0.0.1 at 2010-02-06 23:13:47) [POST]
  Parameters: {"authenticity_token"=>"WJJzJhQL/opbaWqIOWEQBxk2DkPfg2n6ol6qeColh28=", "id"=>"3", "_"=>""}
  [4;36;1mAudition Columns (2.2ms)[0m   [0;1mSHOW FIELDS FROM `auditions`[0m
  [4;35;1mAudition Load (0.3ms)[0m   [0mSELECT * FROM `auditions` WHERE (`auditions`.`id` = 3) [0m
  [4;36;1mSQL (0.1ms)[0m   [0;1mBEGIN[0m
  [4;35;1mAudition Update (0.3ms)[0m   [0mUPDATE `auditions` SET `updated_at` = '2010-02-07 04:13:47', `status` = 1 WHERE `id` = 3[0m
  [4;36;1mSQL (0.9ms)[0m   [0;1mCOMMIT[0m
Rendered audition/_status_cell (3.7ms)
Completed in 27ms (View: 6, DB: 4) | 200 OK [http://localhost/flip_status/3]
  [4;35;1mSQL (0.2ms)[0m   [0mSET SQL_AUTO_IS_NULL=0[0m


Processing AuditionController#flip_status (for 127.0.0.1 at 2010-02-06 23:13:47) [POST]
  Parameters: {"authenticity_token"=>"WJJzJhQL/opbaWqIOWEQBxk2DkPfg2n6ol6qeColh28=", "id"=>"3", "_"=>""}
  [4;36;1mAudition Columns (2.3ms)[0m   [0;1mSHOW FIELDS FROM `auditions`[0m
  [4;35;1mAudition Load (0.3ms)[0m   [0mSELECT * FROM `auditions` WHERE (`auditions`.`id` = 3) [0m
  [4;36;1mSQL (0.1ms)[0m   [0;1mBEGIN[0m
  [4;35;1mAudition Update (0.3ms)[0m   [0mUPDATE `auditions` SET `updated_at` = '2010-02-07 04:13:47', `status` = 0 WHERE `id` = 3[0m
  [4;36;1mSQL (1.0ms)[0m   [0;1mCOMMIT[0m
Rendered audition/_status_cell (3.7ms)
Completed in 27ms (View: 6, DB: 4) | 200 OK [http://localhost/flip_status/3]
  [4;35;1mSQL (0.2ms)[0m   [0mSET SQL_AUTO_IS_NULL=0[0m


Processing AuditionController#flip_status (for 127.0.0.1 at 2010-02-06 23:13:47) [POST]
  Parameters: {"authenticity_token"=>"WJJzJhQL/opbaWqIOWEQBxk2DkPfg2n6ol6qeColh28=", "id"=>"3", "_"=>""}
  [4;36;1mAudition Columns (2.2ms)[0m   [0;1mSHOW FIELDS FROM `auditions`[0m
  [4;35;1mAudition Load (0.3ms)[0m   [0mSELECT * FROM `auditions` WHERE (`auditions`.`id` = 3) [0m
  [4;36;1mSQL (0.1ms)[0m   [0;1mBEGIN[0m
  [4;35;1mAudition Update (0.3ms)[0m   [0mUPDATE `auditions` SET `updated_at` = '2010-02-07 04:13:47', `status` = 1 WHERE `id` = 3[0m
  [4;36;1mSQL (0.9ms)[0m   [0;1mCOMMIT[0m
Rendered audition/_status_cell (3.7ms)
Completed in 27ms (View: 6, DB: 4) | 200 OK [http://localhost/flip_status/3]
  [4;35;1mSQL (0.2ms)[0m   [0mSET SQL_AUTO_IS_NULL=0[0m


Processing AuditionController#flip_status (for 127.0.0.1 at 2010-02-06 23:13:49) [POST]
  Parameters: {"authenticity_token"=>"WJJzJhQL/opbaWqIOWEQBxk2DkPfg2n6ol6qeColh28=", "id"=>"2", "_"=>""}
  [4;36;1mAudition Columns (2.3ms)[0m   [0;1mSHOW FIELDS FROM `auditions`[0m
  [4;35;1mAudition Load (0.3ms)[0m   [0mSELECT * FROM `auditions` WHERE (`auditions`.`id` = 2) [0m
  [4;36;1mSQL (0.1ms)[0m   [0;1mBEGIN[0m
  [4;35;1mSQL (0.1ms)[0m   [0mROLLBACK[0m
Rendered audition/_status_cell (3.8ms)
Completed in 26ms (View: 7, DB: 3) | 200 OK [http://localhost/flip_status/2]
  [4;36;1mSQL (0.2ms)[0m   [0;1mSET SQL_AUTO_IS_NULL=0[0m


Processing AuditionController#flip_status (for 127.0.0.1 at 2010-02-06 23:13:49) [POST]
  Parameters: {"authenticity_token"=>"WJJzJhQL/opbaWqIOWEQBxk2DkPfg2n6ol6qeColh28=", "id"=>"2", "_"=>""}
  [4;35;1mAudition Columns (2.2ms)[0m   [0mSHOW FIELDS FROM `auditions`[0m
  [4;36;1mAudition Load (0.3ms)[0m   [0;1mSELECT * FROM `auditions` WHERE (`auditions`.`id` = 2) [0m
  [4;35;1mSQL (0.1ms)[0m   [0mBEGIN[0m
  [4;36;1mSQL (0.1ms)[0m   [0;1mROLLBACK[0m
Rendered audition/_status_cell (3.8ms)
Completed in 25ms (View: 6, DB: 3) | 200 OK [http://localhost/flip_status/2]
  [4;35;1mSQL (0.2ms)[0m   [0mSET SQL_AUTO_IS_NULL=0[0m


Processing AuditionController#flip_status (for 127.0.0.1 at 2010-02-06 23:13:49) [POST]
  Parameters: {"authenticity_token"=>"WJJzJhQL/opbaWqIOWEQBxk2DkPfg2n6ol6qeColh28=", "id"=>"2", "_"=>""}
  [4;36;1mAudition Columns (2.2ms)[0m   [0;1mSHOW FIELDS FROM `auditions`[0m
  [4;35;1mAudition Load (0.3ms)[0m   [0mSELECT * FROM `auditions` WHERE (`auditions`.`id` = 2) [0m
  [4;36;1mSQL (0.2ms)[0m   [0;1mBEGIN[0m
  [4;35;1mSQL (0.1ms)[0m   [0mROLLBACK[0m
Rendered audition/_status_cell (3.8ms)
Completed in 93ms (View: 6, DB: 3) | 200 OK [http://localhost/flip_status/2]
  [4;36;1mSQL (0.2ms)[0m   [0;1mSET SQL_AUTO_IS_NULL=0[0m


Processing AuditionController#flip_status (for 127.0.0.1 at 2010-02-06 23:13:50) [POST]
  Parameters: {"authenticity_token"=>"WJJzJhQL/opbaWqIOWEQBxk2DkPfg2n6ol6qeColh28=", "id"=>"2", "_"=>""}
  [4;35;1mAudition Columns (2.4ms)[0m   [0mSHOW FIELDS FROM `auditions`[0m
  [4;36;1mAudition Load (0.3ms)[0m   [0;1mSELECT * FROM `auditions` WHERE (`auditions`.`id` = 2) [0m
  [4;35;1mSQL (0.1ms)[0m   [0mBEGIN[0m
  [4;36;1mSQL (0.1ms)[0m   [0;1mROLLBACK[0m
Rendered audition/_status_cell (3.8ms)
Completed in 25ms (View: 6, DB: 3) | 200 OK [http://localhost/flip_status/2]
  [4;35;1mSQL (0.2ms)[0m   [0mSET SQL_AUTO_IS_NULL=0[0m


Processing AuditionController#flip_status (for 127.0.0.1 at 2010-02-06 23:13:50) [POST]
  Parameters: {"authenticity_token"=>"WJJzJhQL/opbaWqIOWEQBxk2DkPfg2n6ol6qeColh28=", "id"=>"2", "_"=>""}
  [4;36;1mAudition Columns (2.3ms)[0m   [0;1mSHOW FIELDS FROM `auditions`[0m
  [4;35;1mAudition Load (0.3ms)[0m   [0mSELECT * FROM `auditions` WHERE (`auditions`.`id` = 2) [0m
  [4;36;1mSQL (0.1ms)[0m   [0;1mBEGIN[0m
  [4;35;1mSQL (0.1ms)[0m   [0mROLLBACK[0m
Rendered audition/_status_cell (3.9ms)
Completed in 25ms (View: 6, DB: 3) | 200 OK [http://localhost/flip_status/2]
  [4;36;1mSQL (0.2ms)[0m   [0;1mSET SQL_AUTO_IS_NULL=0[0m


Processing AuditionController#flip_status (for 127.0.0.1 at 2010-02-06 23:13:50) [POST]
  Parameters: {"authenticity_token"=>"WJJzJhQL/opbaWqIOWEQBxk2DkPfg2n6ol6qeColh28=", "id"=>"2", "_"=>""}
  [4;35;1mAudition Columns (2.2ms)[0m   [0mSHOW FIELDS FROM `auditions`[0m
  [4;36;1mAudition Load (0.3ms)[0m   [0;1mSELECT * FROM `auditions` WHERE (`auditions`.`id` = 2) [0m
  [4;35;1mSQL (0.1ms)[0m   [0mBEGIN[0m
  [4;36;1mSQL (0.1ms)[0m   [0;1mROLLBACK[0m
Rendered audition/_status_cell (4.1ms)
Completed in 25ms (View: 6, DB: 3) | 200 OK [http://localhost/flip_status/2]
  [4;35;1mSQL (0.1ms)[0m   [0mSET SQL_AUTO_IS_NULL=0[0m


Processing AuditionController#flip_status (for 127.0.0.1 at 2010-02-06 23:14:26) [POST]
  Parameters: {"authenticity_token"=>"WJJzJhQL/opbaWqIOWEQBxk2DkPfg2n6ol6qeColh28=", "id"=>"1", "_"=>""}
  [4;36;1mAudition Columns (2.3ms)[0m   [0;1mSHOW FIELDS FROM `auditions`[0m
  [4;35;1mAudition Load (0.3ms)[0m   [0mSELECT * FROM `auditions` WHERE (`auditions`.`id` = 1) [0m
  [4;36;1mSQL (0.1ms)[0m   [0;1mBEGIN[0m
  [4;35;1mAudition Update (0.3ms)[0m   [0mUPDATE `auditions` SET `updated_at` = '2010-02-07 04:14:26', `status` = 1 WHERE `id` = 1[0m
  [4;36;1mSQL (0.8ms)[0m   [0;1mCOMMIT[0m
Rendered audition/_status_cell (3.7ms)
Completed in 27ms (View: 6, DB: 4) | 200 OK [http://localhost/flip_status/1]
  [4;35;1mSQL (0.2ms)[0m   [0mSET SQL_AUTO_IS_NULL=0[0m


Processing AuditionController#flip_status (for 127.0.0.1 at 2010-02-06 23:14:27) [POST]
  Parameters: {"authenticity_token"=>"WJJzJhQL/opbaWqIOWEQBxk2DkPfg2n6ol6qeColh28=", "id"=>"1", "_"=>""}
  [4;36;1mAudition Columns (2.3ms)[0m   [0;1mSHOW FIELDS FROM `auditions`[0m
  [4;35;1mAudition Load (0.3ms)[0m   [0mSELECT * FROM `auditions` WHERE (`auditions`.`id` = 1) [0m
  [4;36;1mSQL (0.1ms)[0m   [0;1mBEGIN[0m
  [4;35;1mAudition Update (0.3ms)[0m   [0mUPDATE `auditions` SET `updated_at` = '2010-02-07 04:14:27', `status` = 0 WHERE `id` = 1[0m
  [4;36;1mSQL (0.8ms)[0m   [0;1mCOMMIT[0m
Rendered audition/_status_cell (3.7ms)
Completed in 27ms (View: 6, DB: 4) | 200 OK [http://localhost/flip_status/1]
  [4;35;1mSQL (0.2ms)[0m   [0mSET SQL_AUTO_IS_NULL=0[0m


Processing AuditionController#flip_status (for 127.0.0.1 at 2010-02-06 23:14:28) [POST]
  Parameters: {"authenticity_token"=>"WJJzJhQL/opbaWqIOWEQBxk2DkPfg2n6ol6qeColh28=", "id"=>"1", "_"=>""}
  [4;36;1mAudition Columns (2.3ms)[0m   [0;1mSHOW FIELDS FROM `auditions`[0m
  [4;35;1mAudition Load (0.3ms)[0m   [0mSELECT * FROM `auditions` WHERE (`auditions`.`id` = 1) [0m
  [4;36;1mSQL (0.1ms)[0m   [0;1mBEGIN[0m
  [4;35;1mAudition Update (0.3ms)[0m   [0mUPDATE `auditions` SET `updated_at` = '2010-02-07 04:14:28', `status` = 1 WHERE `id` = 1[0m
  [4;36;1mSQL (1.2ms)[0m   [0;1mCOMMIT[0m
Rendered audition/_status_cell (3.7ms)
Completed in 27ms (View: 6, DB: 4) | 200 OK [http://localhost/flip_status/1]
  [4;35;1mSQL (0.1ms)[0m   [0mSET SQL_AUTO_IS_NULL=0[0m


Processing AuditionController#flip_status (for 127.0.0.1 at 2010-02-06 23:14:29) [POST]
  Parameters: {"authenticity_token"=>"WJJzJhQL/opbaWqIOWEQBxk2DkPfg2n6ol6qeColh28=", "id"=>"1", "_"=>""}
  [4;36;1mAudition Columns (2.2ms)[0m   [0;1mSHOW FIELDS FROM `auditions`[0m
  [4;35;1mAudition Load (0.3ms)[0m   [0mSELECT * FROM `auditions` WHERE (`auditions`.`id` = 1) [0m
  [4;36;1mSQL (0.1ms)[0m   [0;1mBEGIN[0m
  [4;35;1mAudition Update (0.3ms)[0m   [0mUPDATE `auditions` SET `updated_at` = '2010-02-07 04:14:29', `status` = 0 WHERE `id` = 1[0m
  [4;36;1mSQL (0.8ms)[0m   [0;1mCOMMIT[0m
Rendered audition/_status_cell (3.7ms)
Completed in 27ms (View: 6, DB: 4) | 200 OK [http://localhost/flip_status/1]
  [4;35;1mSQL (0.2ms)[0m   [0mSET SQL_AUTO_IS_NULL=0[0m


Processing AuditionController#flip_status (for 127.0.0.1 at 2010-02-06 23:14:30) [POST]
  Parameters: {"authenticity_token"=>"WJJzJhQL/opbaWqIOWEQBxk2DkPfg2n6ol6qeColh28=", "id"=>"1", "_"=>""}
  [4;36;1mAudition Columns (2.4ms)[0m   [0;1mSHOW FIELDS FROM `auditions`[0m
  [4;35;1mAudition Load (0.3ms)[0m   [0mSELECT * FROM `auditions` WHERE (`auditions`.`id` = 1) [0m
  [4;36;1mSQL (0.1ms)[0m   [0;1mBEGIN[0m
  [4;35;1mAudition Update (0.3ms)[0m   [0mUPDATE `auditions` SET `updated_at` = '2010-02-07 04:14:30', `status` = 1 WHERE `id` = 1[0m
  [4;36;1mSQL (1.2ms)[0m   [0;1mCOMMIT[0m
Rendered audition/_status_cell (3.7ms)
Completed in 28ms (View: 6, DB: 4) | 200 OK [http://localhost/flip_status/1]
  [4;35;1mSQL (0.2ms)[0m   [0mSET SQL_AUTO_IS_NULL=0[0m


Processing AuditionController#flip_status (for 127.0.0.1 at 2010-02-06 23:14:30) [POST]
  Parameters: {"authenticity_token"=>"WJJzJhQL/opbaWqIOWEQBxk2DkPfg2n6ol6qeColh28=", "id"=>"1", "_"=>""}
  [4;36;1mAudition Columns (2.2ms)[0m   [0;1mSHOW FIELDS FROM `auditions`[0m
  [4;35;1mAudition Load (0.4ms)[0m   [0mSELECT * FROM `auditions` WHERE (`auditions`.`id` = 1) [0m
  [4;36;1mSQL (0.1ms)[0m   [0;1mBEGIN[0m
  [4;35;1mAudition Update (0.3ms)[0m   [0mUPDATE `auditions` SET `updated_at` = '2010-02-07 04:14:30', `status` = 0 WHERE `id` = 1[0m
  [4;36;1mSQL (1.3ms)[0m   [0;1mCOMMIT[0m
Rendered audition/_status_cell (3.7ms)
Completed in 28ms (View: 6, DB: 4) | 200 OK [http://localhost/flip_status/1]
  [4;35;1mSQL (0.2ms)[0m   [0mSET SQL_AUTO_IS_NULL=0[0m


Processing AuditionController#flip_status (for 127.0.0.1 at 2010-02-06 23:14:31) [POST]
  Parameters: {"authenticity_token"=>"WJJzJhQL/opbaWqIOWEQBxk2DkPfg2n6ol6qeColh28=", "id"=>"1", "_"=>""}
  [4;36;1mAudition Columns (2.2ms)[0m   [0;1mSHOW FIELDS FROM `auditions`[0m
  [4;35;1mAudition Load (0.3ms)[0m   [0mSELECT * FROM `auditions` WHERE (`auditions`.`id` = 1) [0m
  [4;36;1mSQL (0.1ms)[0m   [0;1mBEGIN[0m
  [4;35;1mAudition Update (0.3ms)[0m   [0mUPDATE `auditions` SET `updated_at` = '2010-02-07 04:14:31', `status` = 1 WHERE `id` = 1[0m
  [4;36;1mSQL (0.9ms)[0m   [0;1mCOMMIT[0m
Rendered audition/_status_cell (3.7ms)
Completed in 27ms (View: 6, DB: 4) | 200 OK [http://localhost/flip_status/1]
  [4;35;1mSQL (0.2ms)[0m   [0mSET SQL_AUTO_IS_NULL=0[0m


Processing AuditionController#flip_status (for 127.0.0.1 at 2010-02-06 23:14:31) [POST]
  Parameters: {"authenticity_token"=>"WJJzJhQL/opbaWqIOWEQBxk2DkPfg2n6ol6qeColh28=", "id"=>"1", "_"=>""}
  [4;36;1mAudition Columns (1.8ms)[0m   [0;1mSHOW FIELDS FROM `auditions`[0m
  [4;35;1mAudition Load (0.3ms)[0m   [0mSELECT * FROM `auditions` WHERE (`auditions`.`id` = 1) [0m
  [4;36;1mSQL (0.1ms)[0m   [0;1mBEGIN[0m
  [4;35;1mAudition Update (0.3ms)[0m   [0mUPDATE `auditions` SET `updated_at` = '2010-02-07 04:14:31', `status` = 0 WHERE `id` = 1[0m
  [4;36;1mSQL (0.8ms)[0m   [0;1mCOMMIT[0m
Rendered audition/_status_cell (3.7ms)
Completed in 27ms (View: 6, DB: 4) | 200 OK [http://localhost/flip_status/1]
  [4;35;1mSQL (0.2ms)[0m   [0mSET SQL_AUTO_IS_NULL=0[0m


Processing AuditionController#flip_status (for 127.0.0.1 at 2010-02-06 23:14:32) [POST]
  Parameters: {"authenticity_token"=>"WJJzJhQL/opbaWqIOWEQBxk2DkPfg2n6ol6qeColh28=", "id"=>"1", "_"=>""}
  [4;36;1mAudition Columns (2.2ms)[0m   [0;1mSHOW FIELDS FROM `auditions`[0m
  [4;35;1mAudition Load (0.3ms)[0m   [0mSELECT * FROM `auditions` WHERE (`auditions`.`id` = 1) [0m
  [4;36;1mSQL (0.1ms)[0m   [0;1mBEGIN[0m
  [4;35;1mAudition Update (0.3ms)[0m   [0mUPDATE `auditions` SET `updated_at` = '2010-02-07 04:14:32', `status` = 1 WHERE `id` = 1[0m
  [4;36;1mSQL (0.8ms)[0m   [0;1mCOMMIT[0m
Rendered audition/_status_cell (3.7ms)
Completed in 27ms (View: 6, DB: 4) | 200 OK [http://localhost/flip_status/1]
  [4;35;1mSQL (0.2ms)[0m   [0mSET SQL_AUTO_IS_NULL=0[0m


Processing AuditionController#flip_status (for 127.0.0.1 at 2010-02-06 23:14:32) [POST]
  Parameters: {"authenticity_token"=>"WJJzJhQL/opbaWqIOWEQBxk2DkPfg2n6ol6qeColh28=", "id"=>"1", "_"=>""}
  [4;36;1mAudition Columns (2.3ms)[0m   [0;1mSHOW FIELDS FROM `auditions`[0m
  [4;35;1mAudition Load (0.3ms)[0m   [0mSELECT * FROM `auditions` WHERE (`auditions`.`id` = 1) [0m
  [4;36;1mSQL (0.1ms)[0m   [0;1mBEGIN[0m
  [4;35;1mAudition Update (0.3ms)[0m   [0mUPDATE `auditions` SET `updated_at` = '2010-02-07 04:14:32', `status` = 0 WHERE `id` = 1[0m
  [4;36;1mSQL (0.9ms)[0m   [0;1mCOMMIT[0m
Rendered audition/_status_cell (3.7ms)
Completed in 27ms (View: 6, DB: 4) | 200 OK [http://localhost/flip_status/1]
  [4;35;1mSQL (0.2ms)[0m   [0mSET SQL_AUTO_IS_NULL=0[0m


Processing AuditionController#flip_status (for 127.0.0.1 at 2010-02-06 23:14:32) [POST]
  Parameters: {"authenticity_token"=>"WJJzJhQL/opbaWqIOWEQBxk2DkPfg2n6ol6qeColh28=", "id"=>"1", "_"=>""}
  [4;36;1mAudition Columns (2.2ms)[0m   [0;1mSHOW FIELDS FROM `auditions`[0m
  [4;35;1mAudition Load (0.3ms)[0m   [0mSELECT * FROM `auditions` WHERE (`auditions`.`id` = 1) [0m
  [4;36;1mSQL (0.1ms)[0m   [0;1mBEGIN[0m
  [4;35;1mAudition Update (0.3ms)[0m   [0mUPDATE `auditions` SET `updated_at` = '2010-02-07 04:14:32', `status` = 1 WHERE `id` = 1[0m
  [4;36;1mSQL (0.9ms)[0m   [0;1mCOMMIT[0m
Rendered audition/_status_cell (3.8ms)
Completed in 27ms (View: 6, DB: 4) | 200 OK [http://localhost/flip_status/1]
  [4;35;1mSQL (0.2ms)[0m   [0mSET SQL_AUTO_IS_NULL=0[0m


Processing AuditionController#flip_status (for 127.0.0.1 at 2010-02-06 23:14:33) [POST]
  Parameters: {"authenticity_token"=>"WJJzJhQL/opbaWqIOWEQBxk2DkPfg2n6ol6qeColh28=", "id"=>"1", "_"=>""}
  [4;36;1mAudition Columns (2.2ms)[0m   [0;1mSHOW FIELDS FROM `auditions`[0m
  [4;35;1mAudition Load (0.3ms)[0m   [0mSELECT * FROM `auditions` WHERE (`auditions`.`id` = 1) [0m
  [4;36;1mSQL (0.3ms)[0m   [0;1mBEGIN[0m
  [4;35;1mAudition Update (0.4ms)[0m   [0mUPDATE `auditions` SET `updated_at` = '2010-02-07 04:14:33', `status` = 0 WHERE `id` = 1[0m
  [4;36;1mSQL (0.8ms)[0m   [0;1mCOMMIT[0m
Rendered audition/_status_cell (3.7ms)
Completed in 96ms (View: 6, DB: 4) | 200 OK [http://localhost/flip_status/1]
  [4;35;1mSQL (0.2ms)[0m   [0mSET SQL_AUTO_IS_NULL=0[0m


Processing AuditionController#flip_status (for 127.0.0.1 at 2010-02-06 23:14:33) [POST]
  Parameters: {"authenticity_token"=>"WJJzJhQL/opbaWqIOWEQBxk2DkPfg2n6ol6qeColh28=", "id"=>"1", "_"=>""}
  [4;36;1mAudition Columns (2.5ms)[0m   [0;1mSHOW FIELDS FROM `auditions`[0m
  [4;35;1mAudition Load (0.3ms)[0m   [0mSELECT * FROM `auditions` WHERE (`auditions`.`id` = 1) [0m
  [4;36;1mSQL (0.1ms)[0m   [0;1mBEGIN[0m
  [4;35;1mAudition Update (0.3ms)[0m   [0mUPDATE `auditions` SET `updated_at` = '2010-02-07 04:14:33', `status` = 1 WHERE `id` = 1[0m
  [4;36;1mSQL (1.5ms)[0m   [0;1mCOMMIT[0m
Rendered audition/_status_cell (3.8ms)
Completed in 28ms (View: 6, DB: 5) | 200 OK [http://localhost/flip_status/1]
  [4;35;1mSQL (0.2ms)[0m   [0mSET SQL_AUTO_IS_NULL=0[0m


Processing AuditionController#flip_status (for 127.0.0.1 at 2010-02-06 23:14:34) [POST]
  Parameters: {"authenticity_token"=>"WJJzJhQL/opbaWqIOWEQBxk2DkPfg2n6ol6qeColh28=", "id"=>"1", "_"=>""}
  [4;36;1mAudition Columns (2.2ms)[0m   [0;1mSHOW FIELDS FROM `auditions`[0m
  [4;35;1mAudition Load (0.3ms)[0m   [0mSELECT * FROM `auditions` WHERE (`auditions`.`id` = 1) [0m
  [4;36;1mSQL (0.1ms)[0m   [0;1mBEGIN[0m
  [4;35;1mAudition Update (0.3ms)[0m   [0mUPDATE `auditions` SET `updated_at` = '2010-02-07 04:14:34', `status` = 0 WHERE `id` = 1[0m
  [4;36;1mSQL (0.8ms)[0m   [0;1mCOMMIT[0m
Rendered audition/_status_cell (3.7ms)
Completed in 32ms (View: 6, DB: 4) | 200 OK [http://localhost/flip_status/1]
  [4;35;1mSQL (0.2ms)[0m   [0mSET SQL_AUTO_IS_NULL=0[0m


Processing AuditionController#flip_status (for 127.0.0.1 at 2010-02-06 23:14:38) [POST]
  Parameters: {"authenticity_token"=>"WJJzJhQL/opbaWqIOWEQBxk2DkPfg2n6ol6qeColh28=", "id"=>"1", "_"=>""}
  [4;36;1mAudition Columns (2.3ms)[0m   [0;1mSHOW FIELDS FROM `auditions`[0m
  [4;35;1mAudition Load (0.3ms)[0m   [0mSELECT * FROM `auditions` WHERE (`auditions`.`id` = 1) [0m
  [4;36;1mSQL (0.1ms)[0m   [0;1mBEGIN[0m
  [4;35;1mAudition Update (0.5ms)[0m   [0mUPDATE `auditions` SET `updated_at` = '2010-02-07 04:14:38', `status` = 1 WHERE `id` = 1[0m
  [4;36;1mSQL (0.8ms)[0m   [0;1mCOMMIT[0m
Rendered audition/_status_cell (3.7ms)
Completed in 28ms (View: 6, DB: 4) | 200 OK [http://localhost/flip_status/1]
  [4;35;1mSQL (0.2ms)[0m   [0mSET SQL_AUTO_IS_NULL=0[0m


Processing AuditionController#flip_status (for 127.0.0.1 at 2010-02-06 23:14:39) [POST]
  Parameters: {"authenticity_token"=>"WJJzJhQL/opbaWqIOWEQBxk2DkPfg2n6ol6qeColh28=", "id"=>"1", "_"=>""}
  [4;36;1mAudition Columns (2.2ms)[0m   [0;1mSHOW FIELDS FROM `auditions`[0m
  [4;35;1mAudition Load (0.3ms)[0m   [0mSELECT * FROM `auditions` WHERE (`auditions`.`id` = 1) [0m
  [4;36;1mSQL (0.1ms)[0m   [0;1mBEGIN[0m
  [4;35;1mAudition Update (0.3ms)[0m   [0mUPDATE `auditions` SET `updated_at` = '2010-02-07 04:14:39', `status` = 0 WHERE `id` = 1[0m
  [4;36;1mSQL (0.8ms)[0m   [0;1mCOMMIT[0m
Rendered audition/_status_cell (3.7ms)
Completed in 28ms (View: 6, DB: 4) | 200 OK [http://localhost/flip_status/1]
  [4;35;1mSQL (0.2ms)[0m   [0mSET SQL_AUTO_IS_NULL=0[0m


Processing AuditionController#flip_status (for 127.0.0.1 at 2010-02-06 23:14:40) [POST]
  Parameters: {"authenticity_token"=>"WJJzJhQL/opbaWqIOWEQBxk2DkPfg2n6ol6qeColh28=", "id"=>"1", "_"=>""}
  [4;36;1mAudition Columns (2.2ms)[0m   [0;1mSHOW FIELDS FROM `auditions`[0m
  [4;35;1mAudition Load (0.3ms)[0m   [0mSELECT * FROM `auditions` WHERE (`auditions`.`id` = 1) [0m
  [4;36;1mSQL (0.2ms)[0m   [0;1mBEGIN[0m
  [4;35;1mAudition Update (0.3ms)[0m   [0mUPDATE `auditions` SET `updated_at` = '2010-02-07 04:14:40', `status` = 1 WHERE `id` = 1[0m
  [4;36;1mSQL (1.0ms)[0m   [0;1mCOMMIT[0m
Rendered audition/_status_cell (3.7ms)
Completed in 27ms (View: 6, DB: 4) | 200 OK [http://localhost/flip_status/1]
  [4;35;1mSQL (0.2ms)[0m   [0mSET SQL_AUTO_IS_NULL=0[0m


Processing AuditionController#flip_status (for 127.0.0.1 at 2010-02-06 23:14:40) [POST]
  Parameters: {"authenticity_token"=>"WJJzJhQL/opbaWqIOWEQBxk2DkPfg2n6ol6qeColh28=", "id"=>"1", "_"=>""}
  [4;36;1mAudition Columns (2.2ms)[0m   [0;1mSHOW FIELDS FROM `auditions`[0m
  [4;35;1mAudition Load (0.3ms)[0m   [0mSELECT * FROM `auditions` WHERE (`auditions`.`id` = 1) [0m
  [4;36;1mSQL (0.1ms)[0m   [0;1mBEGIN[0m
  [4;35;1mAudition Update (0.3ms)[0m   [0mUPDATE `auditions` SET `updated_at` = '2010-02-07 04:14:40', `status` = 0 WHERE `id` = 1[0m
  [4;36;1mSQL (0.9ms)[0m   [0;1mCOMMIT[0m
Rendered audition/_status_cell (3.7ms)
Completed in 27ms (View: 6, DB: 4) | 200 OK [http://localhost/flip_status/1]
  [4;35;1mSQL (0.1ms)[0m   [0mSET SQL_AUTO_IS_NULL=0[0m


Processing AuditionController#flip_status (for 127.0.0.1 at 2010-02-06 23:14:41) [POST]
  Parameters: {"authenticity_token"=>"WJJzJhQL/opbaWqIOWEQBxk2DkPfg2n6ol6qeColh28=", "id"=>"1", "_"=>""}
  [4;36;1mAudition Columns (2.2ms)[0m   [0;1mSHOW FIELDS FROM `auditions`[0m
  [4;35;1mAudition Load (0.3ms)[0m   [0mSELECT * FROM `auditions` WHERE (`auditions`.`id` = 1) [0m
  [4;36;1mSQL (0.1ms)[0m   [0;1mBEGIN[0m
  [4;35;1mAudition Update (0.3ms)[0m   [0mUPDATE `auditions` SET `updated_at` = '2010-02-07 04:14:41', `status` = 1 WHERE `id` = 1[0m
  [4;36;1mSQL (1.0ms)[0m   [0;1mCOMMIT[0m
Rendered audition/_status_cell (3.7ms)
Completed in 27ms (View: 6, DB: 4) | 200 OK [http://localhost/flip_status/1]
  [4;35;1mSQL (0.2ms)[0m   [0mSET SQL_AUTO_IS_NULL=0[0m


Processing AuditionController#flip_status (for 127.0.0.1 at 2010-02-06 23:14:42) [POST]
  Parameters: {"authenticity_token"=>"WJJzJhQL/opbaWqIOWEQBxk2DkPfg2n6ol6qeColh28=", "id"=>"1", "_"=>""}
  [4;36;1mAudition Columns (2.2ms)[0m   [0;1mSHOW FIELDS FROM `auditions`[0m
  [4;35;1mAudition Load (0.3ms)[0m   [0mSELECT * FROM `auditions` WHERE (`auditions`.`id` = 1) [0m
  [4;36;1mSQL (0.1ms)[0m   [0;1mBEGIN[0m
  [4;35;1mAudition Update (0.3ms)[0m   [0mUPDATE `auditions` SET `updated_at` = '2010-02-07 04:14:42', `status` = 0 WHERE `id` = 1[0m
  [4;36;1mSQL (0.9ms)[0m   [0;1mCOMMIT[0m
Rendered audition/_status_cell (3.7ms)
Completed in 27ms (View: 6, DB: 4) | 200 OK [http://localhost/flip_status/1]
  [4;35;1mSQL (0.2ms)[0m   [0mSET SQL_AUTO_IS_NULL=0[0m


Processing AuditionController#flip_status (for 127.0.0.1 at 2010-02-06 23:14:42) [POST]
  Parameters: {"authenticity_token"=>"WJJzJhQL/opbaWqIOWEQBxk2DkPfg2n6ol6qeColh28=", "id"=>"1", "_"=>""}
  [4;36;1mAudition Columns (2.2ms)[0m   [0;1mSHOW FIELDS FROM `auditions`[0m
  [4;35;1mAudition Load (0.3ms)[0m   [0mSELECT * FROM `auditions` WHERE (`auditions`.`id` = 1) [0m
  [4;36;1mSQL (0.1ms)[0m   [0;1mBEGIN[0m
  [4;35;1mAudition Update (0.3ms)[0m   [0mUPDATE `auditions` SET `updated_at` = '2010-02-07 04:14:43', `status` = 1 WHERE `id` = 1[0m
  [4;36;1mSQL (1.1ms)[0m   [0;1mCOMMIT[0m
Rendered audition/_status_cell (3.7ms)
Completed in 27ms (View: 6, DB: 4) | 200 OK [http://localhost/flip_status/1]
  [4;35;1mSQL (0.2ms)[0m   [0mSET SQL_AUTO_IS_NULL=0[0m


Processing AuditionController#flip_status (for 127.0.0.1 at 2010-02-06 23:14:43) [POST]
  Parameters: {"authenticity_token"=>"WJJzJhQL/opbaWqIOWEQBxk2DkPfg2n6ol6qeColh28=", "id"=>"1", "_"=>""}
  [4;36;1mAudition Columns (2.2ms)[0m   [0;1mSHOW FIELDS FROM `auditions`[0m
  [4;35;1mAudition Load (0.3ms)[0m   [0mSELECT * FROM `auditions` WHERE (`auditions`.`id` = 1) [0m
  [4;36;1mSQL (0.1ms)[0m   [0;1mBEGIN[0m
  [4;35;1mAudition Update (0.3ms)[0m   [0mUPDATE `auditions` SET `updated_at` = '2010-02-07 04:14:43', `status` = 0 WHERE `id` = 1[0m
  [4;36;1mSQL (1.1ms)[0m   [0;1mCOMMIT[0m
Rendered audition/_status_cell (3.7ms)
Completed in 28ms (View: 6, DB: 4) | 200 OK [http://localhost/flip_status/1]
  [4;35;1mSQL (0.2ms)[0m   [0mSET SQL_AUTO_IS_NULL=0[0m


Processing AuditionController#flip_status (for 127.0.0.1 at 2010-02-06 23:14:44) [POST]
  Parameters: {"authenticity_token"=>"WJJzJhQL/opbaWqIOWEQBxk2DkPfg2n6ol6qeColh28=", "id"=>"1", "_"=>""}
  [4;36;1mAudition Columns (2.2ms)[0m   [0;1mSHOW FIELDS FROM `auditions`[0m
  [4;35;1mAudition Load (0.3ms)[0m   [0mSELECT * FROM `auditions` WHERE (`auditions`.`id` = 1) [0m
  [4;36;1mSQL (0.1ms)[0m   [0;1mBEGIN[0m
  [4;35;1mAudition Update (0.3ms)[0m   [0mUPDATE `auditions` SET `updated_at` = '2010-02-07 04:14:44', `status` = 1 WHERE `id` = 1[0m
  [4;36;1mSQL (1.1ms)[0m   [0;1mCOMMIT[0m
Rendered audition/_status_cell (3.8ms)
Completed in 27ms (View: 6, DB: 4) | 200 OK [http://localhost/flip_status/1]
  [4;35;1mSQL (0.2ms)[0m   [0mSET SQL_AUTO_IS_NULL=0[0m


Processing AuditionController#flip_status (for 127.0.0.1 at 2010-02-06 23:14:44) [POST]
  Parameters: {"authenticity_token"=>"WJJzJhQL/opbaWqIOWEQBxk2DkPfg2n6ol6qeColh28=", "id"=>"1", "_"=>""}
  [4;36;1mAudition Columns (2.2ms)[0m   [0;1mSHOW FIELDS FROM `auditions`[0m
  [4;35;1mAudition Load (0.3ms)[0m   [0mSELECT * FROM `auditions` WHERE (`auditions`.`id` = 1) [0m
  [4;36;1mSQL (0.1ms)[0m   [0;1mBEGIN[0m
  [4;35;1mAudition Update (0.3ms)[0m   [0mUPDATE `auditions` SET `updated_at` = '2010-02-07 04:14:44', `status` = 0 WHERE `id` = 1[0m
  [4;36;1mSQL (1.0ms)[0m   [0;1mCOMMIT[0m
Rendered audition/_status_cell (3.7ms)
Completed in 28ms (View: 6, DB: 4) | 200 OK [http://localhost/flip_status/1]
  [4;35;1mSQL (0.2ms)[0m   [0mSET SQL_AUTO_IS_NULL=0[0m


Processing AuditionController#flip_status (for 127.0.0.1 at 2010-02-06 23:14:45) [POST]
  Parameters: {"authenticity_token"=>"WJJzJhQL/opbaWqIOWEQBxk2DkPfg2n6ol6qeColh28=", "id"=>"1", "_"=>""}
  [4;36;1mAudition Columns (2.5ms)[0m   [0;1mSHOW FIELDS FROM `auditions`[0m
  [4;35;1mAudition Load (0.3ms)[0m   [0mSELECT * FROM `auditions` WHERE (`auditions`.`id` = 1) [0m
  [4;36;1mSQL (0.1ms)[0m   [0;1mBEGIN[0m
  [4;35;1mAudition Update (0.3ms)[0m   [0mUPDATE `auditions` SET `updated_at` = '2010-02-07 04:14:45', `status` = 1 WHERE `id` = 1[0m
  [4;36;1mSQL (1.0ms)[0m   [0;1mCOMMIT[0m
Rendered audition/_status_cell (3.8ms)
Completed in 28ms (View: 6, DB: 4) | 200 OK [http://localhost/flip_status/1]
  [4;35;1mSQL (0.2ms)[0m   [0mSET SQL_AUTO_IS_NULL=0[0m


Processing AuditionController#flip_status (for 127.0.0.1 at 2010-02-06 23:14:46) [POST]
  Parameters: {"authenticity_token"=>"WJJzJhQL/opbaWqIOWEQBxk2DkPfg2n6ol6qeColh28=", "id"=>"1", "_"=>""}
  [4;36;1mAudition Columns (2.2ms)[0m   [0;1mSHOW FIELDS FROM `auditions`[0m
  [4;35;1mAudition Load (0.3ms)[0m   [0mSELECT * FROM `auditions` WHERE (`auditions`.`id` = 1) [0m
  [4;36;1mSQL (0.1ms)[0m   [0;1mBEGIN[0m
  [4;35;1mAudition Update (0.3ms)[0m   [0mUPDATE `auditions` SET `updated_at` = '2010-02-07 04:14:46', `status` = 0 WHERE `id` = 1[0m
  [4;36;1mSQL (1.0ms)[0m   [0;1mCOMMIT[0m
Rendered audition/_status_cell (3.7ms)
Completed in 27ms (View: 6, DB: 4) | 200 OK [http://localhost/flip_status/1]
  [4;35;1mSQL (0.2ms)[0m   [0mSET SQL_AUTO_IS_NULL=0[0m


Processing AuditionController#flip_status (for 127.0.0.1 at 2010-02-06 23:14:47) [POST]
  Parameters: {"authenticity_token"=>"WJJzJhQL/opbaWqIOWEQBxk2DkPfg2n6ol6qeColh28=", "id"=>"1", "_"=>""}
  [4;36;1mAudition Columns (2.3ms)[0m   [0;1mSHOW FIELDS FROM `auditions`[0m
  [4;35;1mAudition Load (0.3ms)[0m   [0mSELECT * FROM `auditions` WHERE (`auditions`.`id` = 1) [0m
  [4;36;1mSQL (0.1ms)[0m   [0;1mBEGIN[0m
  [4;35;1mAudition Update (0.3ms)[0m   [0mUPDATE `auditions` SET `updated_at` = '2010-02-07 04:14:47', `status` = 1 WHERE `id` = 1[0m
  [4;36;1mSQL (1.2ms)[0m   [0;1mCOMMIT[0m
Rendered audition/_status_cell (3.7ms)
Completed in 96ms (View: 6, DB: 4) | 200 OK [http://localhost/flip_status/1]
  [4;35;1mSQL (0.2ms)[0m   [0mSET SQL_AUTO_IS_NULL=0[0m


Processing AuditionController#flip_status (for 127.0.0.1 at 2010-02-06 23:14:51) [POST]
  Parameters: {"authenticity_token"=>"WJJzJhQL/opbaWqIOWEQBxk2DkPfg2n6ol6qeColh28=", "id"=>"1", "_"=>""}
  [4;36;1mAudition Columns (1.8ms)[0m   [0;1mSHOW FIELDS FROM `auditions`[0m
  [4;35;1mAudition Load (0.3ms)[0m   [0mSELECT * FROM `auditions` WHERE (`auditions`.`id` = 1) [0m
  [4;36;1mSQL (0.1ms)[0m   [0;1mBEGIN[0m
  [4;35;1mAudition Update (0.3ms)[0m   [0mUPDATE `auditions` SET `updated_at` = '2010-02-07 04:14:51', `status` = 0 WHERE `id` = 1[0m
  [4;36;1mSQL (1.0ms)[0m   [0;1mCOMMIT[0m
Rendered audition/_status_cell (3.7ms)
Completed in 27ms (View: 6, DB: 4) | 200 OK [http://localhost/flip_status/1]
  [4;35;1mSQL (0.2ms)[0m   [0mSET SQL_AUTO_IS_NULL=0[0m


Processing AuditionController#view_audition (for 127.0.0.1 at 2010-02-06 23:20:17) [GET]
  Parameters: {"id"=>"2"}
  [4;36;1mAudition Columns (2.2ms)[0m   [0;1mSHOW FIELDS FROM `auditions`[0m
  [4;35;1mAudition Load (0.3ms)[0m   [0mSELECT * FROM `auditions` WHERE (`auditions`.`id` = 2) [0m
Rendering template within layouts/application
Rendering audition/view_audition
Completed in 23ms (View: 8, DB: 3) | 200 OK [http://localhost/view_audition/2]
  [4;36;1mSQL (0.1ms)[0m   [0;1mSET SQL_AUTO_IS_NULL=0[0m


Processing AuditionController#index (for 127.0.0.1 at 2010-02-06 23:20:28) [GET]
  [4;35;1mAudition Load (0.4ms)[0m   [0mSELECT * FROM `auditions` [0m
Rendering template within layouts/application
Rendering audition/index
  [4;36;1mAudition Columns (2.2ms)[0m   [0;1mSHOW FIELDS FROM `auditions`[0m
Completed in 38ms (View: 24, DB: 3) | 200 OK [http://localhost/audition_listing]
  [4;35;1mSQL (0.2ms)[0m   [0mSET SQL_AUTO_IS_NULL=0[0m


Processing AuditionController#index (for 127.0.0.1 at 2010-02-06 23:20:48) [GET]
  [4;36;1mAudition Load (0.4ms)[0m   [0;1mSELECT * FROM `auditions` [0m
Rendering template within layouts/application
Rendering audition/index
  [4;35;1mAudition Columns (2.2ms)[0m   [0mSHOW FIELDS FROM `auditions`[0m
Completed in 38ms (View: 25, DB: 3) | 200 OK [http://localhost/]
